<?xml version="1.0" encoding="UTF-8"?>
<!-- Generated by org.testng.reporters.JUnitReportReporter -->
<testsuite hostname="DESKTOP-26G0JUG" failures="7" tests="63" name="com.Funding.InterestPayment.tests.InterestPaymentStep4Test" time="1173.436" errors="0" timestamp="2024-03-05T17:53:54 IST" skipped="0">
  <testcase classname="com.Funding.InterestPayment.tests.InterestPaymentStep4Test" name="validateTablesVisibilityInStep4" time="54.206"/>
  <system-out/>
  <testcase classname="com.Funding.InterestPayment.tests.InterestPaymentStep4Test" name="validateBridgeLoanTableColumnsVisibility" time="6.629"/>
  <system-out/>
  <testcase classname="com.Funding.InterestPayment.tests.InterestPaymentStep4Test" name="validateFacilityRateTableColumnsVisibility" time="6.747"/>
  <system-out/>
  <testcase classname="com.Funding.InterestPayment.tests.InterestPaymentStep4Test" name="validateActualRateTableColumnVisibility" time="5.867"/>
  <system-out/>
  <testcase classname="com.Funding.InterestPayment.tests.InterestPaymentStep4Test" name="validateFacilityNumbersVisibilityInStep4" time="6.371"/>
  <system-out/>
  <testcase classname="com.Funding.InterestPayment.tests.InterestPaymentStep4Test" name="validatePayableAmountsVisibility" time="6.536"/>
  <system-out/>
  <testcase classname="com.Funding.InterestPayment.tests.InterestPaymentStep4Test" name="validateLoanIButtonVisibility" time="10.908"/>
  <system-out/>
  <testcase classname="com.Funding.InterestPayment.tests.InterestPaymentStep4Test" name="validateLoanIButton" time="6.260"/>
  <system-out/>
  <testcase classname="com.Funding.InterestPayment.tests.InterestPaymentStep4Test" name="validateLoanInterestDetailsPopupSections" time="10.947"/>
  <system-out/>
  <testcase classname="com.Funding.InterestPayment.tests.InterestPaymentStep4Test" name="validateLoanDetailsSection" time="12.655"/>
  <system-out/>
  <testcase classname="com.Funding.InterestPayment.tests.InterestPaymentStep4Test" name="validateMonthonMonthComparisonSection" time="9.869"/>
  <system-out/>
  <testcase classname="com.Funding.InterestPayment.tests.InterestPaymentStep4Test" name="validateCurrentMonthCalculationsSection" time="11.367"/>
  <system-out/>
  <testcase classname="com.Funding.InterestPayment.tests.InterestPaymentStep4Test" name="validatePriorPaymentAmount" time="10.460">
    <failure message="null" type="java.lang.AssertionError">
      <![CDATA[java.lang.AssertionError: null
at org.testng.Assert.fail(Assert.java:99)
at org.testng.Assert.fail(Assert.java:106)
at com.Funding.InterestPayment.tests.InterestPaymentStep4Test.validatePriorPaymentAmount(InterestPaymentStep4Test.java:1026)
at java.base/jdk.internal.reflect.NativeMethodAccessorImpl.invoke0(Native Method)
at java.base/jdk.internal.reflect.NativeMethodAccessorImpl.invoke(NativeMethodAccessorImpl.java:78)
at java.base/jdk.internal.reflect.DelegatingMethodAccessorImpl.invoke(DelegatingMethodAccessorImpl.java:43)
at java.base/java.lang.reflect.Method.invoke(Method.java:567)
at org.testng.internal.MethodInvocationHelper.invokeMethod(MethodInvocationHelper.java:133)
at org.testng.internal.TestInvoker.invokeMethod(TestInvoker.java:598)
at org.testng.internal.TestInvoker.invokeTestMethod(TestInvoker.java:173)
at org.testng.internal.MethodRunner.runInSequence(MethodRunner.java:46)
at org.testng.internal.TestInvoker$MethodInvocationAgent.invoke(TestInvoker.java:824)
at org.testng.internal.TestInvoker.invokeTestMethods(TestInvoker.java:146)
at org.testng.internal.TestMethodWorker.invokeTestMethods(TestMethodWorker.java:146)
at org.testng.internal.TestMethodWorker.run(TestMethodWorker.java:128)
at java.base/java.util.ArrayList.forEach(ArrayList.java:1511)
at org.testng.TestRunner.privateRun(TestRunner.java:794)
at org.testng.TestRunner.run(TestRunner.java:596)
at org.testng.SuiteRunner.runTest(SuiteRunner.java:377)
at org.testng.SuiteRunner.runSequentially(SuiteRunner.java:371)
at org.testng.SuiteRunner.privateRun(SuiteRunner.java:332)
at org.testng.SuiteRunner.run(SuiteRunner.java:276)
at org.testng.SuiteRunnerWorker.runSuite(SuiteRunnerWorker.java:53)
at org.testng.SuiteRunnerWorker.run(SuiteRunnerWorker.java:96)
at org.testng.TestNG.runSuitesSequentially(TestNG.java:1212)
at org.testng.TestNG.runSuitesLocally(TestNG.java:1134)
at org.testng.TestNG.runSuites(TestNG.java:1063)
at org.testng.TestNG.run(TestNG.java:1031)
at org.testng.remote.AbstractRemoteTestNG.run(AbstractRemoteTestNG.java:115)
at org.testng.remote.RemoteTestNG.initAndRun(RemoteTestNG.java:251)
at org.testng.remote.RemoteTestNG.main(RemoteTestNG.java:77)
]]>
    </failure>
  </testcase> <!-- validatePriorPaymentAmount -->
  <system-out/>
  <testcase classname="com.Funding.InterestPayment.tests.InterestPaymentStep4Test" name="validateCashInterestAndInterestDeferralValues" time="26.956">
    <failure message="null" type="java.lang.AssertionError">
      <![CDATA[java.lang.AssertionError: null
at org.testng.Assert.fail(Assert.java:99)
at org.testng.Assert.fail(Assert.java:106)
at com.Funding.InterestPayment.tests.InterestPaymentStep4Test.validateCashInterestAndInterestDeferralValues(InterestPaymentStep4Test.java:1132)
at java.base/jdk.internal.reflect.NativeMethodAccessorImpl.invoke0(Native Method)
at java.base/jdk.internal.reflect.NativeMethodAccessorImpl.invoke(NativeMethodAccessorImpl.java:78)
at java.base/jdk.internal.reflect.DelegatingMethodAccessorImpl.invoke(DelegatingMethodAccessorImpl.java:43)
at java.base/java.lang.reflect.Method.invoke(Method.java:567)
at org.testng.internal.MethodInvocationHelper.invokeMethod(MethodInvocationHelper.java:133)
at org.testng.internal.TestInvoker.invokeMethod(TestInvoker.java:598)
at org.testng.internal.TestInvoker.invokeTestMethod(TestInvoker.java:173)
at org.testng.internal.MethodRunner.runInSequence(MethodRunner.java:46)
at org.testng.internal.TestInvoker$MethodInvocationAgent.invoke(TestInvoker.java:824)
at org.testng.internal.TestInvoker.invokeTestMethods(TestInvoker.java:146)
at org.testng.internal.TestMethodWorker.invokeTestMethods(TestMethodWorker.java:146)
at org.testng.internal.TestMethodWorker.run(TestMethodWorker.java:128)
at java.base/java.util.ArrayList.forEach(ArrayList.java:1511)
at org.testng.TestRunner.privateRun(TestRunner.java:794)
at org.testng.TestRunner.run(TestRunner.java:596)
at org.testng.SuiteRunner.runTest(SuiteRunner.java:377)
at org.testng.SuiteRunner.runSequentially(SuiteRunner.java:371)
at org.testng.SuiteRunner.privateRun(SuiteRunner.java:332)
at org.testng.SuiteRunner.run(SuiteRunner.java:276)
at org.testng.SuiteRunnerWorker.runSuite(SuiteRunnerWorker.java:53)
at org.testng.SuiteRunnerWorker.run(SuiteRunnerWorker.java:96)
at org.testng.TestNG.runSuitesSequentially(TestNG.java:1212)
at org.testng.TestNG.runSuitesLocally(TestNG.java:1134)
at org.testng.TestNG.runSuites(TestNG.java:1063)
at org.testng.TestNG.run(TestNG.java:1031)
at org.testng.remote.AbstractRemoteTestNG.run(AbstractRemoteTestNG.java:115)
at org.testng.remote.RemoteTestNG.initAndRun(RemoteTestNG.java:251)
at org.testng.remote.RemoteTestNG.main(RemoteTestNG.java:77)
]]>
    </failure>
  </testcase> <!-- validateCashInterestAndInterestDeferralValues -->
  <system-out/>
  <testcase classname="com.Funding.InterestPayment.tests.InterestPaymentStep4Test" name="validateTotalChangeAmount" time="12.757"/>
  <system-out/>
  <testcase classname="com.Funding.InterestPayment.tests.InterestPaymentStep4Test" name="validateNewPaymentAmount" time="10.872"/>
  <system-out/>
  <testcase classname="com.Funding.InterestPayment.tests.InterestPaymentStep4Test" name="validateInterestPaymentAmount" time="10.844"/>
  <system-out/>
  <testcase classname="com.Funding.InterestPayment.tests.InterestPaymentStep4Test" name="validateCurrentMonthCalculationsFieldsAmounts" time="21.346">
    <failure message="null" type="java.lang.AssertionError">
      <![CDATA[java.lang.AssertionError: null
at org.testng.Assert.fail(Assert.java:99)
at org.testng.Assert.fail(Assert.java:106)
at com.Funding.InterestPayment.tests.InterestPaymentStep4Test.validateCurrentMonthCalculationsFieldsAmounts(InterestPaymentStep4Test.java:1485)
at java.base/jdk.internal.reflect.NativeMethodAccessorImpl.invoke0(Native Method)
at java.base/jdk.internal.reflect.NativeMethodAccessorImpl.invoke(NativeMethodAccessorImpl.java:78)
at java.base/jdk.internal.reflect.DelegatingMethodAccessorImpl.invoke(DelegatingMethodAccessorImpl.java:43)
at java.base/java.lang.reflect.Method.invoke(Method.java:567)
at org.testng.internal.MethodInvocationHelper.invokeMethod(MethodInvocationHelper.java:133)
at org.testng.internal.TestInvoker.invokeMethod(TestInvoker.java:598)
at org.testng.internal.TestInvoker.invokeTestMethod(TestInvoker.java:173)
at org.testng.internal.MethodRunner.runInSequence(MethodRunner.java:46)
at org.testng.internal.TestInvoker$MethodInvocationAgent.invoke(TestInvoker.java:824)
at org.testng.internal.TestInvoker.invokeTestMethods(TestInvoker.java:146)
at org.testng.internal.TestMethodWorker.invokeTestMethods(TestMethodWorker.java:146)
at org.testng.internal.TestMethodWorker.run(TestMethodWorker.java:128)
at java.base/java.util.ArrayList.forEach(ArrayList.java:1511)
at org.testng.TestRunner.privateRun(TestRunner.java:794)
at org.testng.TestRunner.run(TestRunner.java:596)
at org.testng.SuiteRunner.runTest(SuiteRunner.java:377)
at org.testng.SuiteRunner.runSequentially(SuiteRunner.java:371)
at org.testng.SuiteRunner.privateRun(SuiteRunner.java:332)
at org.testng.SuiteRunner.run(SuiteRunner.java:276)
at org.testng.SuiteRunnerWorker.runSuite(SuiteRunnerWorker.java:53)
at org.testng.SuiteRunnerWorker.run(SuiteRunnerWorker.java:96)
at org.testng.TestNG.runSuitesSequentially(TestNG.java:1212)
at org.testng.TestNG.runSuitesLocally(TestNG.java:1134)
at org.testng.TestNG.runSuites(TestNG.java:1063)
at org.testng.TestNG.run(TestNG.java:1031)
at org.testng.remote.AbstractRemoteTestNG.run(AbstractRemoteTestNG.java:115)
at org.testng.remote.RemoteTestNG.initAndRun(RemoteTestNG.java:251)
at org.testng.remote.RemoteTestNG.main(RemoteTestNG.java:77)
]]>
    </failure>
  </testcase> <!-- validateCurrentMonthCalculationsFieldsAmounts -->
  <system-out/>
  <testcase classname="com.Funding.InterestPayment.tests.InterestPaymentStep4Test" name="validateLoanDefaultInterestValue" time="10.985"/>
  <system-out/>
  <testcase classname="com.Funding.InterestPayment.tests.InterestPaymentStep4Test" name="validateLoanColour" time="17.307">
    <failure message="null" type="java.lang.AssertionError">
      <![CDATA[java.lang.AssertionError: null
at org.testng.Assert.fail(Assert.java:99)
at org.testng.Assert.fail(Assert.java:106)
at com.Funding.InterestPayment.tests.InterestPaymentStep4Test.validateLoanColour(InterestPaymentStep4Test.java:1692)
at java.base/jdk.internal.reflect.NativeMethodAccessorImpl.invoke0(Native Method)
at java.base/jdk.internal.reflect.NativeMethodAccessorImpl.invoke(NativeMethodAccessorImpl.java:78)
at java.base/jdk.internal.reflect.DelegatingMethodAccessorImpl.invoke(DelegatingMethodAccessorImpl.java:43)
at java.base/java.lang.reflect.Method.invoke(Method.java:567)
at org.testng.internal.MethodInvocationHelper.invokeMethod(MethodInvocationHelper.java:133)
at org.testng.internal.TestInvoker.invokeMethod(TestInvoker.java:598)
at org.testng.internal.TestInvoker.invokeTestMethod(TestInvoker.java:173)
at org.testng.internal.MethodRunner.runInSequence(MethodRunner.java:46)
at org.testng.internal.TestInvoker$MethodInvocationAgent.invoke(TestInvoker.java:824)
at org.testng.internal.TestInvoker.invokeTestMethods(TestInvoker.java:146)
at org.testng.internal.TestMethodWorker.invokeTestMethods(TestMethodWorker.java:146)
at org.testng.internal.TestMethodWorker.run(TestMethodWorker.java:128)
at java.base/java.util.ArrayList.forEach(ArrayList.java:1511)
at org.testng.TestRunner.privateRun(TestRunner.java:794)
at org.testng.TestRunner.run(TestRunner.java:596)
at org.testng.SuiteRunner.runTest(SuiteRunner.java:377)
at org.testng.SuiteRunner.runSequentially(SuiteRunner.java:371)
at org.testng.SuiteRunner.privateRun(SuiteRunner.java:332)
at org.testng.SuiteRunner.run(SuiteRunner.java:276)
at org.testng.SuiteRunnerWorker.runSuite(SuiteRunnerWorker.java:53)
at org.testng.SuiteRunnerWorker.run(SuiteRunnerWorker.java:96)
at org.testng.TestNG.runSuitesSequentially(TestNG.java:1212)
at org.testng.TestNG.runSuitesLocally(TestNG.java:1134)
at org.testng.TestNG.runSuites(TestNG.java:1063)
at org.testng.TestNG.run(TestNG.java:1031)
at org.testng.remote.AbstractRemoteTestNG.run(AbstractRemoteTestNG.java:115)
at org.testng.remote.RemoteTestNG.initAndRun(RemoteTestNG.java:251)
at org.testng.remote.RemoteTestNG.main(RemoteTestNG.java:77)
]]>
    </failure>
  </testcase> <!-- validateLoanColour -->
  <system-out/>
  <testcase classname="com.Funding.InterestPayment.tests.InterestPaymentStep4Test" name="validateLoanInterestPopupTableColumnsVisibility" time="16.075"/>
  <system-out/>
  <testcase classname="com.Funding.InterestPayment.tests.InterestPaymentStep4Test" name="validateLoanReferenceNumbersVisibility" time="12.610"/>
  <system-out/>
  <testcase classname="com.Funding.InterestPayment.tests.InterestPaymentStep4Test" name="validateScheduledRepaymentDateVisibility" time="11.776"/>
  <system-out/>
  <testcase classname="com.Funding.InterestPayment.tests.InterestPaymentStep4Test" name="validateRevisedRepaymentDateVisibility" time="12.093"/>
  <system-out/>
  <testcase classname="com.Funding.InterestPayment.tests.InterestPaymentStep4Test" name="validateRevisionDateVisibility" time="12.274"/>
  <system-out/>
  <testcase classname="com.Funding.InterestPayment.tests.InterestPaymentStep4Test" name="validateActualRepaymentDateVisibility" time="12.560"/>
  <system-out/>
  <testcase classname="com.Funding.InterestPayment.tests.InterestPaymentStep4Test" name="validateMonthlyInterestRate" time="50.395"/>
  <system-out/>
  <testcase classname="com.Funding.InterestPayment.tests.InterestPaymentStep4Test" name="validateDefaultInterestRate" time="36.212"/>
  <system-out/>
  <testcase classname="com.Funding.InterestPayment.tests.InterestPaymentStep4Test" name="validateRegularAndStandardDays" time="12.674">
    <failure message="null" type="java.lang.AssertionError">
      <![CDATA[java.lang.AssertionError: null
at org.testng.Assert.fail(Assert.java:99)
at org.testng.Assert.fail(Assert.java:106)
at com.Funding.InterestPayment.tests.InterestPaymentStep4Test.validateRegularAndStandardDays(InterestPaymentStep4Test.java:2508)
at java.base/jdk.internal.reflect.NativeMethodAccessorImpl.invoke0(Native Method)
at java.base/jdk.internal.reflect.NativeMethodAccessorImpl.invoke(NativeMethodAccessorImpl.java:78)
at java.base/jdk.internal.reflect.DelegatingMethodAccessorImpl.invoke(DelegatingMethodAccessorImpl.java:43)
at java.base/java.lang.reflect.Method.invoke(Method.java:567)
at org.testng.internal.MethodInvocationHelper.invokeMethod(MethodInvocationHelper.java:133)
at org.testng.internal.TestInvoker.invokeMethod(TestInvoker.java:598)
at org.testng.internal.TestInvoker.invokeTestMethod(TestInvoker.java:173)
at org.testng.internal.MethodRunner.runInSequence(MethodRunner.java:46)
at org.testng.internal.TestInvoker$MethodInvocationAgent.invoke(TestInvoker.java:824)
at org.testng.internal.TestInvoker.invokeTestMethods(TestInvoker.java:146)
at org.testng.internal.TestMethodWorker.invokeTestMethods(TestMethodWorker.java:146)
at org.testng.internal.TestMethodWorker.run(TestMethodWorker.java:128)
at java.base/java.util.ArrayList.forEach(ArrayList.java:1511)
at org.testng.TestRunner.privateRun(TestRunner.java:794)
at org.testng.TestRunner.run(TestRunner.java:596)
at org.testng.SuiteRunner.runTest(SuiteRunner.java:377)
at org.testng.SuiteRunner.runSequentially(SuiteRunner.java:371)
at org.testng.SuiteRunner.privateRun(SuiteRunner.java:332)
at org.testng.SuiteRunner.run(SuiteRunner.java:276)
at org.testng.SuiteRunnerWorker.runSuite(SuiteRunnerWorker.java:53)
at org.testng.SuiteRunnerWorker.run(SuiteRunnerWorker.java:96)
at org.testng.TestNG.runSuitesSequentially(TestNG.java:1212)
at org.testng.TestNG.runSuitesLocally(TestNG.java:1134)
at org.testng.TestNG.runSuites(TestNG.java:1063)
at org.testng.TestNG.run(TestNG.java:1031)
at org.testng.remote.AbstractRemoteTestNG.run(AbstractRemoteTestNG.java:115)
at org.testng.remote.RemoteTestNG.initAndRun(RemoteTestNG.java:251)
at org.testng.remote.RemoteTestNG.main(RemoteTestNG.java:77)
]]>
    </failure>
  </testcase> <!-- validateRegularAndStandardDays -->
  <system-out/>
  <testcase classname="com.Funding.InterestPayment.tests.InterestPaymentStep4Test" name="validateRegularInterest" time="34.949"/>
  <system-out/>
  <testcase classname="com.Funding.InterestPayment.tests.InterestPaymentStep4Test" name="validateStandardInterest" time="35.527">
    <failure message="null" type="java.lang.AssertionError">
      <![CDATA[java.lang.AssertionError: null
at org.testng.Assert.fail(Assert.java:99)
at org.testng.Assert.fail(Assert.java:106)
at com.Funding.InterestPayment.tests.InterestPaymentStep4Test.validateStandardInterest(InterestPaymentStep4Test.java:2789)
at java.base/jdk.internal.reflect.NativeMethodAccessorImpl.invoke0(Native Method)
at java.base/jdk.internal.reflect.NativeMethodAccessorImpl.invoke(NativeMethodAccessorImpl.java:78)
at java.base/jdk.internal.reflect.DelegatingMethodAccessorImpl.invoke(DelegatingMethodAccessorImpl.java:43)
at java.base/java.lang.reflect.Method.invoke(Method.java:567)
at org.testng.internal.MethodInvocationHelper.invokeMethod(MethodInvocationHelper.java:133)
at org.testng.internal.TestInvoker.invokeMethod(TestInvoker.java:598)
at org.testng.internal.TestInvoker.invokeTestMethod(TestInvoker.java:173)
at org.testng.internal.MethodRunner.runInSequence(MethodRunner.java:46)
at org.testng.internal.TestInvoker$MethodInvocationAgent.invoke(TestInvoker.java:824)
at org.testng.internal.TestInvoker.invokeTestMethods(TestInvoker.java:146)
at org.testng.internal.TestMethodWorker.invokeTestMethods(TestMethodWorker.java:146)
at org.testng.internal.TestMethodWorker.run(TestMethodWorker.java:128)
at java.base/java.util.ArrayList.forEach(ArrayList.java:1511)
at org.testng.TestRunner.privateRun(TestRunner.java:794)
at org.testng.TestRunner.run(TestRunner.java:596)
at org.testng.SuiteRunner.runTest(SuiteRunner.java:377)
at org.testng.SuiteRunner.runSequentially(SuiteRunner.java:371)
at org.testng.SuiteRunner.privateRun(SuiteRunner.java:332)
at org.testng.SuiteRunner.run(SuiteRunner.java:276)
at org.testng.SuiteRunnerWorker.runSuite(SuiteRunnerWorker.java:53)
at org.testng.SuiteRunnerWorker.run(SuiteRunnerWorker.java:96)
at org.testng.TestNG.runSuitesSequentially(TestNG.java:1212)
at org.testng.TestNG.runSuitesLocally(TestNG.java:1134)
at org.testng.TestNG.runSuites(TestNG.java:1063)
at org.testng.TestNG.run(TestNG.java:1031)
at org.testng.remote.AbstractRemoteTestNG.run(AbstractRemoteTestNG.java:115)
at org.testng.remote.RemoteTestNG.initAndRun(RemoteTestNG.java:251)
at org.testng.remote.RemoteTestNG.main(RemoteTestNG.java:77)
]]>
    </failure>
  </testcase> <!-- validateStandardInterest -->
  <system-out/>
  <testcase classname="com.Funding.InterestPayment.tests.InterestPaymentStep4Test" name="validateBroughtForward" time="28.099"/>
  <system-out/>
  <testcase classname="com.Funding.InterestPayment.tests.InterestPaymentStep4Test" name="validateCarriedForwardforLoan" time="10.777"/>
  <system-out/>
  <testcase classname="com.Funding.InterestPayment.tests.InterestPaymentStep4Test" name="validateCarriedForwardforFacility" time="10.490"/>
  <system-out/>
  <testcase classname="com.Funding.InterestPayment.tests.InterestPaymentStep4Test" name="validateInterestPaymentDetailsPopup" time="10.940"/>
  <system-out/>
  <testcase classname="com.Funding.InterestPayment.tests.InterestPaymentStep4Test" name="validateFacilityDetailsSection" time="12.256"/>
  <system-out/>
  <testcase classname="com.Funding.InterestPayment.tests.InterestPaymentStep4Test" name="validateFieldDetails" time="30.763"/>
  <system-out/>
  <testcase classname="com.Funding.InterestPayment.tests.InterestPaymentStep4Test" name="validateFacilityAmount" time="51.613"/>
  <system-out/>
  <testcase classname="com.Funding.InterestPayment.tests.InterestPaymentStep4Test" name="validateDrawnAmount" time="40.811"/>
  <system-out/>
  <testcase classname="com.Funding.InterestPayment.tests.InterestPaymentStep4Test" name="validateCashRate" time="38.665"/>
  <system-out/>
  <testcase classname="com.Funding.InterestPayment.tests.InterestPaymentStep4Test" name="validateNavigationToLoanFacilitySummaryPage" time="17.508"/>
  <system-out/>
  <testcase classname="com.Funding.InterestPayment.tests.InterestPaymentStep4Test" name="validateMonthonMonthComparisonOnInterestPaymentPopup" time="10.150"/>
  <system-out/>
  <testcase classname="com.Funding.InterestPayment.tests.InterestPaymentStep4Test" name="validateIButtonVisibility" time="10.240"/>
  <system-out/>
  <testcase classname="com.Funding.InterestPayment.tests.InterestPaymentStep4Test" name="validateTextOnIButton" time="11.514"/>
  <system-out/>
  <testcase classname="com.Funding.InterestPayment.tests.InterestPaymentStep4Test" name="validatePriorPaymentAmountFigure" time="11.123"/>
  <system-out/>
  <testcase classname="com.Funding.InterestPayment.tests.InterestPaymentStep4Test" name="validateCashInterestAndInterestDeferralAmounts" time="32.176"/>
  <system-out/>
  <testcase classname="com.Funding.InterestPayment.tests.InterestPaymentStep4Test" name="validateTotalChangeAmountFigure" time="10.860"/>
  <system-out/>
  <testcase classname="com.Funding.InterestPayment.tests.InterestPaymentStep4Test" name="validateNewPaymentAmountFigure" time="9.571"/>
  <system-out/>
  <testcase classname="com.Funding.InterestPayment.tests.InterestPaymentStep4Test" name="validateCurrentMonthCalculationsDetails" time="10.378"/>
  <system-out/>
  <testcase classname="com.Funding.InterestPayment.tests.InterestPaymentStep4Test" name="validateInterestPaymentAmountFigure" time="10.583"/>
  <system-out/>
  <testcase classname="com.Funding.InterestPayment.tests.InterestPaymentStep4Test" name="validateFieldAmounts" time="10.600"/>
  <system-out/>
  <testcase classname="com.Funding.InterestPayment.tests.InterestPaymentStep4Test" name="validateInterestPaymentPopupTableColumns" time="10.676"/>
  <system-out/>
  <testcase classname="com.Funding.InterestPayment.tests.InterestPaymentStep4Test" name="validateInterestAmount" time="28.810"/>
  <system-out/>
  <testcase classname="com.Funding.InterestPayment.tests.InterestPaymentStep4Test" name="validateLoanList" time="34.248"/>
  <system-out/>
  <testcase classname="com.Funding.InterestPayment.tests.InterestPaymentStep4Test" name="validateRegularAndStandardDaysOfFacility" time="8.988"/>
  <system-out/>
  <testcase classname="com.Funding.InterestPayment.tests.InterestPaymentStep4Test" name="validateDefaultInterestAmount" time="45.291">
    <failure message="null" type="java.lang.AssertionError">
      <![CDATA[java.lang.AssertionError: null
at org.testng.Assert.fail(Assert.java:99)
at org.testng.Assert.fail(Assert.java:106)
at com.Funding.InterestPayment.tests.InterestPaymentStep4Test.validateDefaultInterestAmount(InterestPaymentStep4Test.java:5718)
at java.base/jdk.internal.reflect.NativeMethodAccessorImpl.invoke0(Native Method)
at java.base/jdk.internal.reflect.NativeMethodAccessorImpl.invoke(NativeMethodAccessorImpl.java:78)
at java.base/jdk.internal.reflect.DelegatingMethodAccessorImpl.invoke(DelegatingMethodAccessorImpl.java:43)
at java.base/java.lang.reflect.Method.invoke(Method.java:567)
at org.testng.internal.MethodInvocationHelper.invokeMethod(MethodInvocationHelper.java:133)
at org.testng.internal.TestInvoker.invokeMethod(TestInvoker.java:598)
at org.testng.internal.TestInvoker.invokeTestMethod(TestInvoker.java:173)
at org.testng.internal.MethodRunner.runInSequence(MethodRunner.java:46)
at org.testng.internal.TestInvoker$MethodInvocationAgent.invoke(TestInvoker.java:824)
at org.testng.internal.TestInvoker.invokeTestMethods(TestInvoker.java:146)
at org.testng.internal.TestMethodWorker.invokeTestMethods(TestMethodWorker.java:146)
at org.testng.internal.TestMethodWorker.run(TestMethodWorker.java:128)
at java.base/java.util.ArrayList.forEach(ArrayList.java:1511)
at org.testng.TestRunner.privateRun(TestRunner.java:794)
at org.testng.TestRunner.run(TestRunner.java:596)
at org.testng.SuiteRunner.runTest(SuiteRunner.java:377)
at org.testng.SuiteRunner.runSequentially(SuiteRunner.java:371)
at org.testng.SuiteRunner.privateRun(SuiteRunner.java:332)
at org.testng.SuiteRunner.run(SuiteRunner.java:276)
at org.testng.SuiteRunnerWorker.runSuite(SuiteRunnerWorker.java:53)
at org.testng.SuiteRunnerWorker.run(SuiteRunnerWorker.java:96)
at org.testng.TestNG.runSuitesSequentially(TestNG.java:1212)
at org.testng.TestNG.runSuitesLocally(TestNG.java:1134)
at org.testng.TestNG.runSuites(TestNG.java:1063)
at org.testng.TestNG.run(TestNG.java:1031)
at org.testng.remote.AbstractRemoteTestNG.run(AbstractRemoteTestNG.java:115)
at org.testng.remote.RemoteTestNG.initAndRun(RemoteTestNG.java:251)
at org.testng.remote.RemoteTestNG.main(RemoteTestNG.java:77)
]]>
    </failure>
  </testcase> <!-- validateDefaultInterestAmount -->
  <system-out/>
  <testcase classname="com.Funding.InterestPayment.tests.InterestPaymentStep4Test" name="validateRegularInterestAmount" time="36.904"/>
  <system-out/>
  <testcase classname="com.Funding.InterestPayment.tests.InterestPaymentStep4Test" name="validateLoanRatePercentage" time="20.057"/>
  <system-out/>
  <testcase classname="com.Funding.InterestPayment.tests.InterestPaymentStep4Test" name="validateFacilityRate" time="12.777"/>
  <system-out/>
  <testcase classname="com.Funding.InterestPayment.tests.InterestPaymentStep4Test" name="validateDefaultFacilityRate" time="11.633"/>
  <system-out/>
  <testcase classname="com.Funding.InterestPayment.tests.InterestPaymentStep4Test" name="validateClickOnLoanReference" time="19.119"/>
  <system-out/>
  <testcase classname="com.Funding.InterestPayment.tests.InterestPaymentStep4Test" name="validateInterestPaymentPopupCloseButton" time="27.220"/>
  <system-out/>
  <testcase classname="com.Funding.InterestPayment.tests.InterestPaymentStep4Test" name="validateInterestPaymentPopupXIcon" time="21.562"/>
  <system-out/>
</testsuite> <!-- com.Funding.InterestPayment.tests.InterestPaymentStep4Test -->
