<?xml version="1.0" encoding="UTF-8"?>
<!-- Generated by org.testng.reporters.JUnitReportReporter -->
<testsuite hostname="DESKTOP-26G0JUG" failures="1" tests="14" name="com.Treasury.tests.SingleTest" time="325.326" errors="0" timestamp="2024-05-22T18:31:19 IST" skipped="0">
  <testcase classname="com.Treasury.tests.SingleTest" name="validateTreasuryVisibility" time="22.431"/>
  <system-out/>
  <testcase classname="com.Treasury.tests.SingleTest" name="validateTreasuryOptions" time="1.280"/>
  <system-out/>
  <testcase classname="com.Treasury.tests.SingleTest" name="validateSingleTreasury" time="8.387"/>
  <system-out/>
  <testcase classname="com.Treasury.tests.SingleTest" name="validateSingleTreasurySections" time="0.428"/>
  <system-out/>
  <testcase classname="com.Treasury.tests.SingleTest" name="validateAllocationInputsFields" time="0.667"/>
  <system-out/>
  <testcase classname="com.Treasury.tests.SingleTest" name="validateDataOnSelectingDateAndLoanReference" time="3.404"/>
  <system-out/>
  <testcase classname="com.Treasury.tests.SingleTest" name="validateAllocationPreviewOnSelectingDateAndLoanReference" time="8.555"/>
  <system-out/>
  <testcase classname="com.Treasury.tests.SingleTest" name="validateTerminatingFacility" time="9.568"/>
  <system-out/>
  <testcase classname="com.Treasury.tests.SingleTest" name="validateIncludeExcludeFacility" time="13.632"/>
  <system-out/>
  <testcase classname="com.Treasury.tests.SingleTest" name="validateUnallocatedAfterLoanDisbursement" time="115.164"/>
  <system-out/>
  <testcase classname="com.Treasury.tests.SingleTest" name="validateExcludeFacilityCurrentAllocation" time="77.190"/>
  <system-out/>
  <testcase classname="com.Treasury.tests.SingleTest" name="validateEqual" time="20.314"/>
  <system-out/>
  <testcase classname="com.Treasury.tests.SingleTest" name="validateProRata" time="13.219"/>
  <system-out/>
  <testcase classname="com.Treasury.tests.SingleTest" name="validateCheckOnRegionalLimits" time="31.087">
    <failure message="null" type="java.lang.AssertionError">
      <![CDATA[java.lang.AssertionError: null
at org.testng.Assert.fail(Assert.java:99)
at org.testng.Assert.fail(Assert.java:106)
at com.Treasury.tests.SingleTest.validateCheckOnRegionalLimits(SingleTest.java:1380)
at java.base/jdk.internal.reflect.NativeMethodAccessorImpl.invoke0(Native Method)
at java.base/jdk.internal.reflect.NativeMethodAccessorImpl.invoke(NativeMethodAccessorImpl.java:78)
at java.base/jdk.internal.reflect.DelegatingMethodAccessorImpl.invoke(DelegatingMethodAccessorImpl.java:43)
at java.base/java.lang.reflect.Method.invoke(Method.java:567)
at org.testng.internal.MethodInvocationHelper.invokeMethod(MethodInvocationHelper.java:133)
at org.testng.internal.TestInvoker.invokeMethod(TestInvoker.java:598)
at org.testng.internal.TestInvoker.invokeTestMethod(TestInvoker.java:173)
at org.testng.internal.MethodRunner.runInSequence(MethodRunner.java:46)
at org.testng.internal.TestInvoker$MethodInvocationAgent.invoke(TestInvoker.java:824)
at org.testng.internal.TestInvoker.invokeTestMethods(TestInvoker.java:146)
at org.testng.internal.TestMethodWorker.invokeTestMethods(TestMethodWorker.java:146)
at org.testng.internal.TestMethodWorker.run(TestMethodWorker.java:128)
at java.base/java.util.ArrayList.forEach(ArrayList.java:1511)
at org.testng.TestRunner.privateRun(TestRunner.java:794)
at org.testng.TestRunner.run(TestRunner.java:596)
at org.testng.SuiteRunner.runTest(SuiteRunner.java:377)
at org.testng.SuiteRunner.runSequentially(SuiteRunner.java:371)
at org.testng.SuiteRunner.privateRun(SuiteRunner.java:332)
at org.testng.SuiteRunner.run(SuiteRunner.java:276)
at org.testng.SuiteRunnerWorker.runSuite(SuiteRunnerWorker.java:53)
at org.testng.SuiteRunnerWorker.run(SuiteRunnerWorker.java:96)
at org.testng.TestNG.runSuitesSequentially(TestNG.java:1212)
at org.testng.TestNG.runSuitesLocally(TestNG.java:1134)
at org.testng.TestNG.runSuites(TestNG.java:1063)
at org.testng.TestNG.run(TestNG.java:1031)
at org.testng.remote.AbstractRemoteTestNG.run(AbstractRemoteTestNG.java:115)
at org.testng.remote.RemoteTestNG.initAndRun(RemoteTestNG.java:251)
at org.testng.remote.RemoteTestNG.main(RemoteTestNG.java:77)
]]>
    </failure>
  </testcase> <!-- validateCheckOnRegionalLimits -->
  <system-out/>
</testsuite> <!-- com.Treasury.tests.SingleTest -->
