<?xml version="1.0" encoding="UTF-8"?>
<!-- Generated by org.testng.reporters.JUnitReportReporter -->
<testsuite hostname="DESKTOP-26G0JUG" failures="5" tests="49" name="com.Funding.InterestPayment.tests.InterestPaymentStep3Test" time="665.680" errors="0" timestamp="2024-03-05T17:26:35 IST" skipped="0">
  <testcase classname="com.Funding.InterestPayment.tests.InterestPaymentStep3Test" name="validateMonthonMonthComparisonStepHighlighted" time="27.426"/>
  <system-out/>
  <testcase classname="com.Funding.InterestPayment.tests.InterestPaymentStep3Test" name="validateLastPeriodNumberOfDaysInStep3" time="5.674"/>
  <system-out/>
  <testcase classname="com.Funding.InterestPayment.tests.InterestPaymentStep3Test" name="validateThisPeriodNumberOfDays" time="5.539"/>
  <system-out/>
  <testcase classname="com.Funding.InterestPayment.tests.InterestPaymentStep3Test" name="validateLastMonthDCF" time="7.629"/>
  <system-out/>
  <testcase classname="com.Funding.InterestPayment.tests.InterestPaymentStep3Test" name="validateThisMonthDCF" time="9.915"/>
  <system-out/>
  <testcase classname="com.Funding.InterestPayment.tests.InterestPaymentStep3Test" name="validateDCFAdjustmentValueInStep3" time="8.022"/>
  <system-out/>
  <testcase classname="com.Funding.InterestPayment.tests.InterestPaymentStep3Test" name="validateDifferenceToleranceValueInStep3" time="7.814"/>
  <system-out/>
  <testcase classname="com.Funding.InterestPayment.tests.InterestPaymentStep3Test" name="validateLoanAmountOfFaciltyInStep3" time="8.190"/>
  <system-out/>
  <testcase classname="com.Funding.InterestPayment.tests.InterestPaymentStep3Test" name="validateLoanAmountOfAllFacilitiesInStep3" time="25.511"/>
  <system-out/>
  <testcase classname="com.Funding.InterestPayment.tests.InterestPaymentStep3Test" name="validateLoanCarriedForwardAmountInStep3" time="8.147"/>
  <system-out/>
  <testcase classname="com.Funding.InterestPayment.tests.InterestPaymentStep3Test" name="validateCarriedForwardAmountOfAllFacilitiesInStep3" time="23.675"/>
  <system-out/>
  <testcase classname="com.Funding.InterestPayment.tests.InterestPaymentStep3Test" name="validatePriorMonthPayment" time="12.270"/>
  <system-out/>
  <testcase classname="com.Funding.InterestPayment.tests.InterestPaymentStep3Test" name="validatePlusButtonAndColumnsInDeferralTable" time="6.455"/>
  <system-out/>
  <testcase classname="com.Funding.InterestPayment.tests.InterestPaymentStep3Test" name="validateDeferralLastMonth" time="13.073"/>
  <system-out/>
  <testcase classname="com.Funding.InterestPayment.tests.InterestPaymentStep3Test" name="validateDeferralThisMonth" time="26.605">
    <failure message="null" type="java.lang.AssertionError">
      <![CDATA[java.lang.AssertionError: null
at org.testng.Assert.fail(Assert.java:99)
at org.testng.Assert.fail(Assert.java:106)
at com.Funding.InterestPayment.tests.InterestPaymentStep3Test.validateDeferralThisMonth(InterestPaymentStep3Test.java:1502)
at java.base/jdk.internal.reflect.NativeMethodAccessorImpl.invoke0(Native Method)
at java.base/jdk.internal.reflect.NativeMethodAccessorImpl.invoke(NativeMethodAccessorImpl.java:78)
at java.base/jdk.internal.reflect.DelegatingMethodAccessorImpl.invoke(DelegatingMethodAccessorImpl.java:43)
at java.base/java.lang.reflect.Method.invoke(Method.java:567)
at org.testng.internal.MethodInvocationHelper.invokeMethod(MethodInvocationHelper.java:133)
at org.testng.internal.TestInvoker.invokeMethod(TestInvoker.java:598)
at org.testng.internal.TestInvoker.invokeTestMethod(TestInvoker.java:173)
at org.testng.internal.MethodRunner.runInSequence(MethodRunner.java:46)
at org.testng.internal.TestInvoker$MethodInvocationAgent.invoke(TestInvoker.java:824)
at org.testng.internal.TestInvoker.invokeTestMethods(TestInvoker.java:146)
at org.testng.internal.TestMethodWorker.invokeTestMethods(TestMethodWorker.java:146)
at org.testng.internal.TestMethodWorker.run(TestMethodWorker.java:128)
at java.base/java.util.ArrayList.forEach(ArrayList.java:1511)
at org.testng.TestRunner.privateRun(TestRunner.java:794)
at org.testng.TestRunner.run(TestRunner.java:596)
at org.testng.SuiteRunner.runTest(SuiteRunner.java:377)
at org.testng.SuiteRunner.runSequentially(SuiteRunner.java:371)
at org.testng.SuiteRunner.privateRun(SuiteRunner.java:332)
at org.testng.SuiteRunner.run(SuiteRunner.java:276)
at org.testng.SuiteRunnerWorker.runSuite(SuiteRunnerWorker.java:53)
at org.testng.SuiteRunnerWorker.run(SuiteRunnerWorker.java:96)
at org.testng.TestNG.runSuitesSequentially(TestNG.java:1212)
at org.testng.TestNG.runSuitesLocally(TestNG.java:1134)
at org.testng.TestNG.runSuites(TestNG.java:1063)
at org.testng.TestNG.run(TestNG.java:1031)
at org.testng.remote.AbstractRemoteTestNG.run(AbstractRemoteTestNG.java:115)
at org.testng.remote.RemoteTestNG.initAndRun(RemoteTestNG.java:251)
at org.testng.remote.RemoteTestNG.main(RemoteTestNG.java:77)
]]>
    </failure>
  </testcase> <!-- validateDeferralThisMonth -->
  <system-out/>
  <testcase classname="com.Funding.InterestPayment.tests.InterestPaymentStep3Test" name="validateDifferenceInDeferralTable" time="10.937"/>
  <system-out/>
  <testcase classname="com.Funding.InterestPayment.tests.InterestPaymentStep3Test" name="validateDeferralIButton" time="6.175"/>
  <system-out/>
  <testcase classname="com.Funding.InterestPayment.tests.InterestPaymentStep3Test" name="validateDeferralPopupAndCloseButton" time="39.702"/>
  <system-out/>
  <testcase classname="com.Funding.InterestPayment.tests.InterestPaymentStep3Test" name="validateDeferralPopupData" time="22.252"/>
  <system-out/>
  <testcase classname="com.Funding.InterestPayment.tests.InterestPaymentStep3Test" name="validatePlusButtonAndColumnsInDeploymentTable" time="6.385"/>
  <system-out/>
  <testcase classname="com.Funding.InterestPayment.tests.InterestPaymentStep3Test" name="validateDeploymentLastMonth" time="13.368"/>
  <system-out/>
  <testcase classname="com.Funding.InterestPayment.tests.InterestPaymentStep3Test" name="validateDeploymentThisMonth" time="8.981"/>
  <system-out/>
  <testcase classname="com.Funding.InterestPayment.tests.InterestPaymentStep3Test" name="validateDifferenceInDeploymentTable" time="6.117"/>
  <system-out/>
  <testcase classname="com.Funding.InterestPayment.tests.InterestPaymentStep3Test" name="validateDeploymentIButton" time="6.475"/>
  <system-out/>
  <testcase classname="com.Funding.InterestPayment.tests.InterestPaymentStep3Test" name="validateDeploymentPopupAndCloseButton" time="40.867"/>
  <system-out/>
  <testcase classname="com.Funding.InterestPayment.tests.InterestPaymentStep3Test" name="validateDeploymentTableDataWithPopup" time="22.447"/>
  <system-out/>
  <testcase classname="com.Funding.InterestPayment.tests.InterestPaymentStep3Test" name="validateDeploymentCalculation" time="6.350"/>
  <system-out/>
  <testcase classname="com.Funding.InterestPayment.tests.InterestPaymentStep3Test" name="validatePlusButtonAndColumnsInRateTable" time="11.015"/>
  <system-out/>
  <testcase classname="com.Funding.InterestPayment.tests.InterestPaymentStep3Test" name="validateLastMonthInRateStep3" time="11.248">
    <failure message="null" type="java.lang.AssertionError">
      <![CDATA[java.lang.AssertionError: null
at org.testng.Assert.fail(Assert.java:99)
at org.testng.Assert.fail(Assert.java:106)
at com.Funding.InterestPayment.tests.InterestPaymentStep3Test.validateLastMonthInRateStep3(InterestPaymentStep3Test.java:2814)
at java.base/jdk.internal.reflect.NativeMethodAccessorImpl.invoke0(Native Method)
at java.base/jdk.internal.reflect.NativeMethodAccessorImpl.invoke(NativeMethodAccessorImpl.java:78)
at java.base/jdk.internal.reflect.DelegatingMethodAccessorImpl.invoke(DelegatingMethodAccessorImpl.java:43)
at java.base/java.lang.reflect.Method.invoke(Method.java:567)
at org.testng.internal.MethodInvocationHelper.invokeMethod(MethodInvocationHelper.java:133)
at org.testng.internal.TestInvoker.invokeMethod(TestInvoker.java:598)
at org.testng.internal.TestInvoker.invokeTestMethod(TestInvoker.java:173)
at org.testng.internal.MethodRunner.runInSequence(MethodRunner.java:46)
at org.testng.internal.TestInvoker$MethodInvocationAgent.invoke(TestInvoker.java:824)
at org.testng.internal.TestInvoker.invokeTestMethods(TestInvoker.java:146)
at org.testng.internal.TestMethodWorker.invokeTestMethods(TestMethodWorker.java:146)
at org.testng.internal.TestMethodWorker.run(TestMethodWorker.java:128)
at java.base/java.util.ArrayList.forEach(ArrayList.java:1511)
at org.testng.TestRunner.privateRun(TestRunner.java:794)
at org.testng.TestRunner.run(TestRunner.java:596)
at org.testng.SuiteRunner.runTest(SuiteRunner.java:377)
at org.testng.SuiteRunner.runSequentially(SuiteRunner.java:371)
at org.testng.SuiteRunner.privateRun(SuiteRunner.java:332)
at org.testng.SuiteRunner.run(SuiteRunner.java:276)
at org.testng.SuiteRunnerWorker.runSuite(SuiteRunnerWorker.java:53)
at org.testng.SuiteRunnerWorker.run(SuiteRunnerWorker.java:96)
at org.testng.TestNG.runSuitesSequentially(TestNG.java:1212)
at org.testng.TestNG.runSuitesLocally(TestNG.java:1134)
at org.testng.TestNG.runSuites(TestNG.java:1063)
at org.testng.TestNG.run(TestNG.java:1031)
at org.testng.remote.AbstractRemoteTestNG.run(AbstractRemoteTestNG.java:115)
at org.testng.remote.RemoteTestNG.initAndRun(RemoteTestNG.java:251)
at org.testng.remote.RemoteTestNG.main(RemoteTestNG.java:77)
]]>
    </failure>
  </testcase> <!-- validateLastMonthInRateStep3 -->
  <system-out/>
  <testcase classname="com.Funding.InterestPayment.tests.InterestPaymentStep3Test" name="validateThisMonthInRateStep3" time="11.468">
    <failure message="null" type="java.lang.AssertionError">
      <![CDATA[java.lang.AssertionError: null
at org.testng.Assert.fail(Assert.java:99)
at org.testng.Assert.fail(Assert.java:106)
at com.Funding.InterestPayment.tests.InterestPaymentStep3Test.validateThisMonthInRateStep3(InterestPaymentStep3Test.java:2926)
at java.base/jdk.internal.reflect.NativeMethodAccessorImpl.invoke0(Native Method)
at java.base/jdk.internal.reflect.NativeMethodAccessorImpl.invoke(NativeMethodAccessorImpl.java:78)
at java.base/jdk.internal.reflect.DelegatingMethodAccessorImpl.invoke(DelegatingMethodAccessorImpl.java:43)
at java.base/java.lang.reflect.Method.invoke(Method.java:567)
at org.testng.internal.MethodInvocationHelper.invokeMethod(MethodInvocationHelper.java:133)
at org.testng.internal.TestInvoker.invokeMethod(TestInvoker.java:598)
at org.testng.internal.TestInvoker.invokeTestMethod(TestInvoker.java:173)
at org.testng.internal.MethodRunner.runInSequence(MethodRunner.java:46)
at org.testng.internal.TestInvoker$MethodInvocationAgent.invoke(TestInvoker.java:824)
at org.testng.internal.TestInvoker.invokeTestMethods(TestInvoker.java:146)
at org.testng.internal.TestMethodWorker.invokeTestMethods(TestMethodWorker.java:146)
at org.testng.internal.TestMethodWorker.run(TestMethodWorker.java:128)
at java.base/java.util.ArrayList.forEach(ArrayList.java:1511)
at org.testng.TestRunner.privateRun(TestRunner.java:794)
at org.testng.TestRunner.run(TestRunner.java:596)
at org.testng.SuiteRunner.runTest(SuiteRunner.java:377)
at org.testng.SuiteRunner.runSequentially(SuiteRunner.java:371)
at org.testng.SuiteRunner.privateRun(SuiteRunner.java:332)
at org.testng.SuiteRunner.run(SuiteRunner.java:276)
at org.testng.SuiteRunnerWorker.runSuite(SuiteRunnerWorker.java:53)
at org.testng.SuiteRunnerWorker.run(SuiteRunnerWorker.java:96)
at org.testng.TestNG.runSuitesSequentially(TestNG.java:1212)
at org.testng.TestNG.runSuitesLocally(TestNG.java:1134)
at org.testng.TestNG.runSuites(TestNG.java:1063)
at org.testng.TestNG.run(TestNG.java:1031)
at org.testng.remote.AbstractRemoteTestNG.run(AbstractRemoteTestNG.java:115)
at org.testng.remote.RemoteTestNG.initAndRun(RemoteTestNG.java:251)
at org.testng.remote.RemoteTestNG.main(RemoteTestNG.java:77)
]]>
    </failure>
  </testcase> <!-- validateThisMonthInRateStep3 -->
  <system-out/>
  <testcase classname="com.Funding.InterestPayment.tests.InterestPaymentStep3Test" name="validateDifferenceInRateTable" time="6.271"/>
  <system-out/>
  <testcase classname="com.Funding.InterestPayment.tests.InterestPaymentStep3Test" name="validateRateIButton" time="6.190"/>
  <system-out/>
  <testcase classname="com.Funding.InterestPayment.tests.InterestPaymentStep3Test" name="validateRatePopupAndCloseButton" time="40.608"/>
  <system-out/>
  <testcase classname="com.Funding.InterestPayment.tests.InterestPaymentStep3Test" name="validateRateTableDataWithPopup" time="22.548"/>
  <system-out/>
  <testcase classname="com.Funding.InterestPayment.tests.InterestPaymentStep3Test" name="validateRateCalculation" time="6.438">
    <failure message="null" type="java.lang.AssertionError">
      <![CDATA[java.lang.AssertionError: null
at org.testng.Assert.fail(Assert.java:99)
at org.testng.Assert.fail(Assert.java:106)
at com.Funding.InterestPayment.tests.InterestPaymentStep3Test.validateRateCalculation(InterestPaymentStep3Test.java:3340)
at java.base/jdk.internal.reflect.NativeMethodAccessorImpl.invoke0(Native Method)
at java.base/jdk.internal.reflect.NativeMethodAccessorImpl.invoke(NativeMethodAccessorImpl.java:78)
at java.base/jdk.internal.reflect.DelegatingMethodAccessorImpl.invoke(DelegatingMethodAccessorImpl.java:43)
at java.base/java.lang.reflect.Method.invoke(Method.java:567)
at org.testng.internal.MethodInvocationHelper.invokeMethod(MethodInvocationHelper.java:133)
at org.testng.internal.TestInvoker.invokeMethod(TestInvoker.java:598)
at org.testng.internal.TestInvoker.invokeTestMethod(TestInvoker.java:173)
at org.testng.internal.MethodRunner.runInSequence(MethodRunner.java:46)
at org.testng.internal.TestInvoker$MethodInvocationAgent.invoke(TestInvoker.java:824)
at org.testng.internal.TestInvoker.invokeTestMethods(TestInvoker.java:146)
at org.testng.internal.TestMethodWorker.invokeTestMethods(TestMethodWorker.java:146)
at org.testng.internal.TestMethodWorker.run(TestMethodWorker.java:128)
at java.base/java.util.ArrayList.forEach(ArrayList.java:1511)
at org.testng.TestRunner.privateRun(TestRunner.java:794)
at org.testng.TestRunner.run(TestRunner.java:596)
at org.testng.SuiteRunner.runTest(SuiteRunner.java:377)
at org.testng.SuiteRunner.runSequentially(SuiteRunner.java:371)
at org.testng.SuiteRunner.privateRun(SuiteRunner.java:332)
at org.testng.SuiteRunner.run(SuiteRunner.java:276)
at org.testng.SuiteRunnerWorker.runSuite(SuiteRunnerWorker.java:53)
at org.testng.SuiteRunnerWorker.run(SuiteRunnerWorker.java:96)
at org.testng.TestNG.runSuitesSequentially(TestNG.java:1212)
at org.testng.TestNG.runSuitesLocally(TestNG.java:1134)
at org.testng.TestNG.runSuites(TestNG.java:1063)
at org.testng.TestNG.run(TestNG.java:1031)
at org.testng.remote.AbstractRemoteTestNG.run(AbstractRemoteTestNG.java:115)
at org.testng.remote.RemoteTestNG.initAndRun(RemoteTestNG.java:251)
at org.testng.remote.RemoteTestNG.main(RemoteTestNG.java:77)
]]>
    </failure>
  </testcase> <!-- validateRateCalculation -->
  <system-out/>
  <testcase classname="com.Funding.InterestPayment.tests.InterestPaymentStep3Test" name="validateDayCountIButton" time="10.225"/>
  <system-out/>
  <testcase classname="com.Funding.InterestPayment.tests.InterestPaymentStep3Test" name="validateDayCountPopupAndCloseButton" time="40.056"/>
  <system-out/>
  <testcase classname="com.Funding.InterestPayment.tests.InterestPaymentStep3Test" name="validateDayCountPopupData" time="8.279"/>
  <system-out/>
  <testcase classname="com.Funding.InterestPayment.tests.InterestPaymentStep3Test" name="validateMonthlyDeltaInDayCountPopup" time="10.864"/>
  <system-out/>
  <testcase classname="com.Funding.InterestPayment.tests.InterestPaymentStep3Test" name="validateDayCountCalculation" time="10.294">
    <failure message="null" type="java.lang.AssertionError">
      <![CDATA[java.lang.AssertionError: null
at org.testng.Assert.fail(Assert.java:99)
at org.testng.Assert.fail(Assert.java:106)
at com.Funding.InterestPayment.tests.InterestPaymentStep3Test.validateDayCountCalculation(InterestPaymentStep3Test.java:3753)
at java.base/jdk.internal.reflect.NativeMethodAccessorImpl.invoke0(Native Method)
at java.base/jdk.internal.reflect.NativeMethodAccessorImpl.invoke(NativeMethodAccessorImpl.java:78)
at java.base/jdk.internal.reflect.DelegatingMethodAccessorImpl.invoke(DelegatingMethodAccessorImpl.java:43)
at java.base/java.lang.reflect.Method.invoke(Method.java:567)
at org.testng.internal.MethodInvocationHelper.invokeMethod(MethodInvocationHelper.java:133)
at org.testng.internal.TestInvoker.invokeMethod(TestInvoker.java:598)
at org.testng.internal.TestInvoker.invokeTestMethod(TestInvoker.java:173)
at org.testng.internal.MethodRunner.runInSequence(MethodRunner.java:46)
at org.testng.internal.TestInvoker$MethodInvocationAgent.invoke(TestInvoker.java:824)
at org.testng.internal.TestInvoker.invokeTestMethods(TestInvoker.java:146)
at org.testng.internal.TestMethodWorker.invokeTestMethods(TestMethodWorker.java:146)
at org.testng.internal.TestMethodWorker.run(TestMethodWorker.java:128)
at java.base/java.util.ArrayList.forEach(ArrayList.java:1511)
at org.testng.TestRunner.privateRun(TestRunner.java:794)
at org.testng.TestRunner.run(TestRunner.java:596)
at org.testng.SuiteRunner.runTest(SuiteRunner.java:377)
at org.testng.SuiteRunner.runSequentially(SuiteRunner.java:371)
at org.testng.SuiteRunner.privateRun(SuiteRunner.java:332)
at org.testng.SuiteRunner.run(SuiteRunner.java:276)
at org.testng.SuiteRunnerWorker.runSuite(SuiteRunnerWorker.java:53)
at org.testng.SuiteRunnerWorker.run(SuiteRunnerWorker.java:96)
at org.testng.TestNG.runSuitesSequentially(TestNG.java:1212)
at org.testng.TestNG.runSuitesLocally(TestNG.java:1134)
at org.testng.TestNG.runSuites(TestNG.java:1063)
at org.testng.TestNG.run(TestNG.java:1031)
at org.testng.remote.AbstractRemoteTestNG.run(AbstractRemoteTestNG.java:115)
at org.testng.remote.RemoteTestNG.initAndRun(RemoteTestNG.java:251)
at org.testng.remote.RemoteTestNG.main(RemoteTestNG.java:77)
]]>
    </failure>
  </testcase> <!-- validateDayCountCalculation -->
  <system-out/>
  <testcase classname="com.Funding.InterestPayment.tests.InterestPaymentStep3Test" name="validateDayCountTableDataWithPopup" time="10.303"/>
  <system-out/>
  <testcase classname="com.Funding.InterestPayment.tests.InterestPaymentStep3Test" name="validateForecast" time="11.805"/>
  <system-out/>
  <testcase classname="com.Funding.InterestPayment.tests.InterestPaymentStep3Test" name="validateForecastDiff" time="6.660"/>
  <system-out/>
  <testcase classname="com.Funding.InterestPayment.tests.InterestPaymentStep3Test" name="validateForecastDiffPercentage" time="6.789"/>
  <system-out/>
  <testcase classname="com.Funding.InterestPayment.tests.InterestPaymentStep3Test" name="validateForecastTolerance" time="6.822"/>
  <system-out/>
  <testcase classname="com.Funding.InterestPayment.tests.InterestPaymentStep3Test" name="validateBackAndNextStepButtonVisibilityInStep3" time="9.981"/>
  <system-out/>
  <testcase classname="com.Funding.InterestPayment.tests.InterestPaymentStep3Test" name="validateBackAndNextStepButtonInStep3" time="15.618"/>
  <system-out/>
  <testcase classname="com.Funding.InterestPayment.tests.InterestPaymentStep3Test" name="validateBackStepButtonInStep3" time="8.037"/>
  <system-out/>
  <testcase classname="com.Funding.InterestPayment.tests.InterestPaymentStep3Test" name="validateNextStepButtonInStep3" time="8.160"/>
  <system-out/>
</testsuite> <!-- com.Funding.InterestPayment.tests.InterestPaymentStep3Test -->
