<?xml version="1.0" encoding="UTF-8"?>
<!-- Generated by org.testng.reporters.JUnitReportReporter -->
<testsuite hostname="DESKTOP-26G0JUG" failures="1" tests="32" name="com.Treasury.tests.PortfolioTest" time="1387.472" errors="0" timestamp="2024-05-22T20:34:37 IST" skipped="0">
  <testcase classname="com.Treasury.tests.PortfolioTest" name="validatePortfolioTreasury" time="23.845"/>
  <system-out/>
  <testcase classname="com.Treasury.tests.PortfolioTest" name="validatePortfolioSteps" time="0.257"/>
  <system-out/>
  <testcase classname="com.Treasury.tests.PortfolioTest" name="validateNewFacilityAllocationsStep1Highlighted" time="0.205"/>
  <system-out/>
  <testcase classname="com.Treasury.tests.PortfolioTest" name="validateTargetSpecificationStep2Highlighted" time="0.433"/>
  <system-out/>
  <testcase classname="com.Treasury.tests.PortfolioTest" name="validateFundingSummaryFields" time="14.210"/>
  <system-out/>
  <testcase classname="com.Treasury.tests.PortfolioTest" name="validateTotalLoans" time="13.807"/>
  <system-out/>
  <testcase classname="com.Treasury.tests.PortfolioTest" name="validateAvailableLoans" time="17.142">
    <failure message="null" type="java.lang.AssertionError">
      <![CDATA[java.lang.AssertionError: null
at org.testng.Assert.fail(Assert.java:99)
at org.testng.Assert.fail(Assert.java:106)
at com.Treasury.tests.PortfolioTest.validateAvailableLoans(PortfolioTest.java:536)
at java.base/jdk.internal.reflect.NativeMethodAccessorImpl.invoke0(Native Method)
at java.base/jdk.internal.reflect.NativeMethodAccessorImpl.invoke(NativeMethodAccessorImpl.java:78)
at java.base/jdk.internal.reflect.DelegatingMethodAccessorImpl.invoke(DelegatingMethodAccessorImpl.java:43)
at java.base/java.lang.reflect.Method.invoke(Method.java:567)
at org.testng.internal.MethodInvocationHelper.invokeMethod(MethodInvocationHelper.java:133)
at org.testng.internal.TestInvoker.invokeMethod(TestInvoker.java:598)
at org.testng.internal.TestInvoker.invokeTestMethod(TestInvoker.java:173)
at org.testng.internal.MethodRunner.runInSequence(MethodRunner.java:46)
at org.testng.internal.TestInvoker$MethodInvocationAgent.invoke(TestInvoker.java:824)
at org.testng.internal.TestInvoker.invokeTestMethods(TestInvoker.java:146)
at org.testng.internal.TestMethodWorker.invokeTestMethods(TestMethodWorker.java:146)
at org.testng.internal.TestMethodWorker.run(TestMethodWorker.java:128)
at java.base/java.util.ArrayList.forEach(ArrayList.java:1511)
at org.testng.TestRunner.privateRun(TestRunner.java:794)
at org.testng.TestRunner.run(TestRunner.java:596)
at org.testng.SuiteRunner.runTest(SuiteRunner.java:377)
at org.testng.SuiteRunner.runSequentially(SuiteRunner.java:371)
at org.testng.SuiteRunner.privateRun(SuiteRunner.java:332)
at org.testng.SuiteRunner.run(SuiteRunner.java:276)
at org.testng.SuiteRunnerWorker.runSuite(SuiteRunnerWorker.java:53)
at org.testng.SuiteRunnerWorker.run(SuiteRunnerWorker.java:96)
at org.testng.TestNG.runSuitesSequentially(TestNG.java:1212)
at org.testng.TestNG.runSuitesLocally(TestNG.java:1134)
at org.testng.TestNG.runSuites(TestNG.java:1063)
at org.testng.TestNG.run(TestNG.java:1031)
at org.testng.remote.AbstractRemoteTestNG.run(AbstractRemoteTestNG.java:115)
at org.testng.remote.RemoteTestNG.initAndRun(RemoteTestNG.java:251)
at org.testng.remote.RemoteTestNG.main(RemoteTestNG.java:77)
]]>
    </failure>
  </testcase> <!-- validateAvailableLoans -->
  <system-out/>
  <testcase classname="com.Treasury.tests.PortfolioTest" name="validateExcludedLoans" time="19.594"/>
  <system-out/>
  <testcase classname="com.Treasury.tests.PortfolioTest" name="validateDoubleInclusion" time="139.329"/>
  <system-out/>
  <testcase classname="com.Treasury.tests.PortfolioTest" name="validateLoanPool" time="14.474"/>
  <system-out/>
  <testcase classname="com.Treasury.tests.PortfolioTest" name="validateTotalFacilities" time="14.049"/>
  <system-out/>
  <testcase classname="com.Treasury.tests.PortfolioTest" name="validateTotalDrawn" time="14.442"/>
  <system-out/>
  <testcase classname="com.Treasury.tests.PortfolioTest" name="validateAvailableFunding" time="16.296"/>
  <system-out/>
  <testcase classname="com.Treasury.tests.PortfolioTest" name="validateFacilitiesPool" time="14.036"/>
  <system-out/>
  <testcase classname="com.Treasury.tests.PortfolioTest" name="validatePoolCoverage" time="14.242"/>
  <system-out/>
  <testcase classname="com.Treasury.tests.PortfolioTest" name="validateUtilisationThresholdUpdate" time="15.806"/>
  <system-out/>
  <testcase classname="com.Treasury.tests.PortfolioTest" name="validateRateUpdate" time="16.137"/>
  <system-out/>
  <testcase classname="com.Treasury.tests.PortfolioTest" name="validateAllocationSummary" time="14.011"/>
  <system-out/>
  <testcase classname="com.Treasury.tests.PortfolioTest" name="validateCurrentAllocation" time="14.161"/>
  <system-out/>
  <testcase classname="com.Treasury.tests.PortfolioTest" name="validateUnallocatedValue" time="13.828"/>
  <system-out/>
  <testcase classname="com.Treasury.tests.PortfolioTest" name="validateMaxUtilisation" time="13.783"/>
  <system-out/>
  <testcase classname="com.Treasury.tests.PortfolioTest" name="validateResidualMaturityLimit" time="28.005"/>
  <system-out/>
  <testcase classname="com.Treasury.tests.PortfolioTest" name="validatUpdateRanking" time="22.788"/>
  <system-out/>
  <testcase classname="com.Treasury.tests.PortfolioTest" name="validatUnallocatedAmountAfterDisbursement" time="138.259"/>
  <system-out/>
  <testcase classname="com.Treasury.tests.PortfolioTest" name="validatBackFromStep2ToStep1" time="40.682"/>
  <system-out/>
  <testcase classname="com.Treasury.tests.PortfolioTest" name="validateNextStepInStep2" time="38.531"/>
  <system-out/>
  <testcase classname="com.Treasury.tests.PortfolioTest" name="validateExcludedForFullyAllocatedOverdueLoans" time="43.405"/>
  <system-out/>
  <testcase classname="com.Treasury.tests.PortfolioTest" name="validateExcludedForLoansResidualMaturity" time="48.500"/>
  <system-out/>
  <testcase classname="com.Treasury.tests.PortfolioTest" name="validateExcludedLoansIfAllocatedInFixedManner" time="199.678"/>
  <system-out/>
  <testcase classname="com.Treasury.tests.PortfolioTest" name="validateNavigationFromStep3ToStep4" time="156.070"/>
  <system-out/>
  <testcase classname="com.Treasury.tests.PortfolioTest" name="validateCurrentAllocationForAllExcludedFacilities" time="244.577"/>
  <system-out/>
  <testcase classname="com.Treasury.tests.PortfolioTest" name="validateBackFromStep4ToStep3" time="22.890"/>
  <system-out/>
</testsuite> <!-- com.Treasury.tests.PortfolioTest -->
