<?xml version="1.0" encoding="UTF-8"?>
<!-- Generated by org.testng.reporters.JUnitXMLReporter -->
<testsuite ignored="0" hostname="DESKTOP-26G0JUG" failures="14" tests="96" name="BalanceSheet_Reporting" time="2560.316" errors="0" timestamp="2024-05-16T16:47:31 IST">
  <testcase classname="com.Reporting.tests.BalanceSheetTest" name="validateReportingBalanceSheetPageVisibility" time="27.877"/>
  <testcase classname="com.Reporting.tests.BalanceSheetTest" name="validateReportingBalanceSheetPageTabs" time="3.76"/>
  <testcase classname="com.Reporting.tests.BalanceSheetTest" name="validateBalanceSheetSummerySectionsVisibility" time="4.207"/>
  <testcase classname="com.Reporting.tests.BalanceSheetTest" name="validateAssetAndLiabilitiesAmountVisibility" time="4.827"/>
  <testcase classname="com.Reporting.tests.BalanceSheetTest" name="validateAssetAmountValue" time="3.805"/>
  <testcase classname="com.Reporting.tests.BalanceSheetTest" name="validateLiabilitiesAmountValue" time="3.551"/>
  <testcase classname="com.Reporting.tests.BalanceSheetTest" name="validateLoanAmountIsSumOfAllBorrowerLoanAmount" time="9.28"/>
  <testcase classname="com.Reporting.tests.BalanceSheetTest" name="validateFacilitiesAmountIsSumOfAllFacilityAmount" time="8.532"/>
  <testcase classname="com.Reporting.tests.BalanceSheetTest" name="validateValuesOnApplyingCustomSearchCalender" time="7.568"/>
  <testcase classname="com.Reporting.tests.BalanceSheetTest" name="validateCustomSearchCalenderPopup" time="3.763"/>
  <testcase classname="com.Reporting.tests.BalanceSheetTest" name="validateCustomFieldInitialSelectedDate" time="6.414"/>
  <testcase classname="com.Reporting.tests.BalanceSheetTest" name="validateAppliedDateInCustomSearchField" time="6.031"/>
  <testcase classname="com.Reporting.tests.BalanceSheetTest" name="validateCalendarClosedOnClickedOutside" time="19.064"/>
  <testcase classname="com.Reporting.tests.BalanceSheetTest" name="validateCalendarMonthsOnClickSearchByMonth" time="19.185"/>
  <testcase classname="com.Reporting.tests.BalanceSheetTest" name="validateCalendarYearByForwardAndBackwordArrow" time="4.373"/>
  <testcase classname="com.Reporting.tests.BalanceSheetTest" name="validateUpdatedAmountsAfterSearchByMonth" time="23.111"/>
  <testcase classname="com.Reporting.tests.BalanceSheetTest" name="validateAmountsWithoutSearchBySelectMonth" time="8.652"/>
  <testcase classname="com.Reporting.tests.BalanceSheetTest" name="validateMonthCalendarClosedOnClickedOutside" time="35.033"/>
  <testcase classname="com.Reporting.tests.BalanceSheetTest" name="validateLoanBalanceTableColumns" time="3.389"/>
  <testcase classname="com.Reporting.tests.BalanceSheetTest" name="validateLoanBalanceAmountColumnDataSorting" time="13.232"/>
  <testcase classname="com.Reporting.tests.BalanceSheetTest" name="validateLoanBalanceLoanRefColumnDataSorting" time="28.107">
    <failure type="java.lang.AssertionError" message="null">
      <![CDATA[java.lang.AssertionError: null
at com.Reporting.tests.BalanceSheetTest.validateLoanBalanceLoanRefColumnDataSorting(BalanceSheetTest.java:1584)
at java.base/java.util.ArrayList.forEach(ArrayList.java:1511)
... Removed 29 stack frames]]>
    </failure>
  </testcase> <!-- validateLoanBalanceLoanRefColumnDataSorting -->
  <testcase classname="com.Reporting.tests.BalanceSheetTest" name="validateLoanBalanceRefNameInLoanDatabase" time="137.185">
    <failure type="java.lang.AssertionError" message="null">
      <![CDATA[java.lang.AssertionError: null
at com.Reporting.tests.BalanceSheetTest.validateLoanBalanceRefNameInLoanDatabase(BalanceSheetTest.java:1671)
at java.base/java.util.ArrayList.forEach(ArrayList.java:1511)
... Removed 29 stack frames]]>
    </failure>
  </testcase> <!-- validateLoanBalanceRefNameInLoanDatabase -->
  <testcase classname="com.Reporting.tests.BalanceSheetTest" name="validateNavigateEditBridgeLoanPageFromLoanBalance" time="6.051"/>
  <testcase classname="com.Reporting.tests.BalanceSheetTest" name="validateLoanRefNoInLoanDatabase" time="18.48"/>
  <testcase classname="com.Reporting.tests.BalanceSheetTest" name="validateLoanBalanceAmountInLoanDatabase" time="31.137"/>
  <testcase classname="com.Reporting.tests.BalanceSheetTest" name="validateAmountsWhenUserPerformLoanDisbursement" time="174.825"/>
  <testcase classname="com.Reporting.tests.BalanceSheetTest" name="validateUpdatedDisbursedAmount" time="142.494">
    <failure type="java.lang.AssertionError" message="null">
      <![CDATA[java.lang.AssertionError: null
at com.Reporting.tests.BalanceSheetTest.validateUpdatedDisbursedAmount(BalanceSheetTest.java:2060)
at java.base/java.util.ArrayList.forEach(ArrayList.java:1511)
... Removed 29 stack frames]]>
    </failure>
  </testcase> <!-- validateUpdatedDisbursedAmount -->
  <testcase classname="com.Reporting.tests.BalanceSheetTest" name="validateFacilityBalanceTableColumnsVisibility" time="3.749"/>
  <testcase classname="com.Reporting.tests.BalanceSheetTest" name="validateFacilityBalanceTableAscendingOrderDataSorting" time="20.19">
    <failure type="java.lang.AssertionError" message="null">
      <![CDATA[java.lang.AssertionError: null
at com.Reporting.tests.BalanceSheetTest.validateFacilityBalanceTableAscendingOrderDataSorting(BalanceSheetTest.java:2204)
at java.base/java.util.ArrayList.forEach(ArrayList.java:1511)
... Removed 29 stack frames]]>
    </failure>
  </testcase> <!-- validateFacilityBalanceTableAscendingOrderDataSorting -->
  <testcase classname="com.Reporting.tests.BalanceSheetTest" name="validateFacilityReferenceDataSorting" time="22.462">
    <failure type="java.lang.AssertionError" message="null">
      <![CDATA[java.lang.AssertionError: null
at com.Reporting.tests.BalanceSheetTest.validateFacilityReferenceDataSorting(BalanceSheetTest.java:2252)
at java.base/java.util.ArrayList.forEach(ArrayList.java:1511)
... Removed 29 stack frames]]>
    </failure>
  </testcase> <!-- validateFacilityReferenceDataSorting -->
  <testcase classname="com.Reporting.tests.BalanceSheetTest" name="validateInternalRefNoInLoanDatabase" time="159.463">
    <failure type="java.lang.AssertionError" message="null">
      <![CDATA[java.lang.AssertionError: null
at com.Reporting.tests.BalanceSheetTest.validateInternalRefNoInLoanDatabase(BalanceSheetTest.java:2320)
at java.base/java.util.ArrayList.forEach(ArrayList.java:1511)
... Removed 29 stack frames]]>
    </failure>
  </testcase> <!-- validateInternalRefNoInLoanDatabase -->
  <testcase classname="com.Reporting.tests.BalanceSheetTest" name="validateNavigationToEditLoanFacilitySummaryTab" time="36.844"/>
  <testcase classname="com.Reporting.tests.BalanceSheetTest" name="validateFacilityRefNumber" time="32.312"/>
  <testcase classname="com.Reporting.tests.BalanceSheetTest" name="validateNavigationToEditLoanFacilitySummaryPage" time="27.752"/>
  <testcase classname="com.Reporting.tests.BalanceSheetTest" name="validateFacilityAmountInFundingDatabase" time="47.071"/>
  <testcase classname="com.Reporting.tests.BalanceSheetTest" name="validateFacilityDisbursement" time="43.985">
    <failure type="java.lang.AssertionError" message="null">
      <![CDATA[java.lang.AssertionError: null
at com.Reporting.tests.BalanceSheetTest.validateFacilityDisbursement(BalanceSheetTest.java:2719)
at java.base/java.util.ArrayList.forEach(ArrayList.java:1511)
... Removed 29 stack frames]]>
    </failure>
  </testcase> <!-- validateFacilityDisbursement -->
  <testcase classname="com.Reporting.tests.BalanceSheetTest" name="validateBalanceSheetDetailsSectionsVisibility" time="6.385"/>
  <testcase classname="com.Reporting.tests.BalanceSheetTest" name="validateAssetBalanceSectionAmountsVisibility" time="6.429"/>
  <testcase classname="com.Reporting.tests.BalanceSheetTest" name="validateAssetBalanceAmount" time="8.874"/>
  <testcase classname="com.Reporting.tests.BalanceSheetTest" name="validateAssetAndFacilitiesBalanceEqualAmount" time="8.827"/>
  <testcase classname="com.Reporting.tests.BalanceSheetTest" name="validateCashBalanceSectionAmountsVisibility" time="6.695"/>
  <testcase classname="com.Reporting.tests.BalanceSheetTest" name="validateCashBalanceSectionOpeningAmount" time="8.056"/>
  <testcase classname="com.Reporting.tests.BalanceSheetTest" name="validateCashBalanceSectionClosingAmount" time="8.333"/>
  <testcase classname="com.Reporting.tests.BalanceSheetTest" name="validateCashBalanceSectionLoanInAmount" time="8.469"/>
  <testcase classname="com.Reporting.tests.BalanceSheetTest" name="validateCashBalanceSectionLoanOutAmount" time="8.168"/>
  <testcase classname="com.Reporting.tests.BalanceSheetTest" name="validateCashBalanceSectionFacilitiesInAmount" time="8.018"/>
  <testcase classname="com.Reporting.tests.BalanceSheetTest" name="validateCashBalanceSectionFacilitiesOutAmount" time="7.742"/>
  <testcase classname="com.Reporting.tests.BalanceSheetTest" name="validateLoanBalanceTableColumnsVisibility" time="5.967"/>
  <testcase classname="com.Reporting.tests.BalanceSheetTest" name="validateNavigationToNewLoanSummaryTab" time="8.481"/>
  <testcase classname="com.Reporting.tests.BalanceSheetTest" name="validateLoanBlanceTableAscendingOrderDataSorting" time="27.708"/>
  <testcase classname="com.Reporting.tests.BalanceSheetTest" name="validateLoanBlanceTableDescendingOrderDataSorting" time="112.364"/>
  <testcase classname="com.Reporting.tests.BalanceSheetTest" name="validateDisbursementsAmountVisibility" time="20.977"/>
  <testcase classname="com.Reporting.tests.BalanceSheetTest" name="validateRepaymentsAmountVisibility" time="20.56"/>
  <testcase classname="com.Reporting.tests.BalanceSheetTest" name="validateClosingBalanceAmountVisibility" time="20.714"/>
  <testcase classname="com.Reporting.tests.BalanceSheetTest" name="validateFacilityBalanceTableColumnVisibility" time="6.651"/>
  <testcase classname="com.Reporting.tests.BalanceSheetTest" name="validateNavigationToFundingSummaryTab" time="23.818"/>
  <testcase classname="com.Reporting.tests.BalanceSheetTest" name="validateFacilityBlanceTableAscendingOrderDataSorting" time="21.826"/>
  <testcase classname="com.Reporting.tests.BalanceSheetTest" name="validateFacilityBlanceTableDescendingOrderDataSorting" time="34.736"/>
  <testcase classname="com.Reporting.tests.BalanceSheetTest" name="validateDrawdownsAmountVisibility" time="22.852"/>
  <testcase classname="com.Reporting.tests.BalanceSheetTest" name="validateFacilityTableRepaymentsAmountVisibility" time="21.527"/>
  <testcase classname="com.Reporting.tests.BalanceSheetTest" name="validateFacilityTableClosingBalanceAmountVisibility" time="20.593"/>
  <testcase classname="com.Reporting.tests.BalanceSheetTest" name="validateValuesUpdateBasedOnCustomDateRange" time="34.499">
    <failure type="java.lang.AssertionError" message="null">
      <![CDATA[java.lang.AssertionError: null
at com.Reporting.tests.BalanceSheetTest.validateValuesUpdateBasedOnCustomDateRange(BalanceSheetTest.java:4956)
at java.base/java.util.ArrayList.forEach(ArrayList.java:1511)
... Removed 29 stack frames]]>
    </failure>
  </testcase> <!-- validateValuesUpdateBasedOnCustomDateRange -->
  <testcase classname="com.Reporting.tests.BalanceSheetTest" name="validateCustomSearchStartAndEndDateCalendarPopup" time="23.038"/>
  <testcase classname="com.Reporting.tests.BalanceSheetTest" name="validateDefaultDateIsCurrentDate" time="13.019"/>
  <testcase classname="com.Reporting.tests.BalanceSheetTest" name="validateSelectStartAndEndDateFromCalendar" time="54.08"/>
  <testcase classname="com.Reporting.tests.BalanceSheetTest" name="validateStartAndEndDateCalendarClose" time="7.115">
    <failure type="java.lang.AssertionError" message="null">
      <![CDATA[java.lang.AssertionError: null
at com.Reporting.tests.BalanceSheetTest.validateStartAndEndDateCalendarClose(BalanceSheetTest.java:5364)
at java.base/java.util.ArrayList.forEach(ArrayList.java:1511)
... Removed 29 stack frames]]>
    </failure>
  </testcase> <!-- validateStartAndEndDateCalendarClose -->
  <testcase classname="com.Reporting.tests.BalanceSheetTest" name="validateSearchByMonthCalendarMonths" time="20.996"/>
  <testcase classname="com.Reporting.tests.BalanceSheetTest" name="validateSelectYearFromCalendarForSearchByMonth" time="21.988"/>
  <testcase classname="com.Reporting.tests.BalanceSheetTest" name="validateCalendarYearByForwardAndBackwordArrows" time="22.153"/>
  <testcase classname="com.Reporting.tests.BalanceSheetTest" name="validateUpdatedAmountsAfterSelectingSearchByMonths" time="27.224"/>
  <testcase classname="com.Reporting.tests.BalanceSheetTest" name="validateAmountsNotUpdated" time="10.019"/>
  <testcase classname="com.Reporting.tests.BalanceSheetTest" name="validateCalendarDatePickerClosedOnClickedOutside" time="5.893">
    <failure type="java.lang.AssertionError" message="null">
      <![CDATA[java.lang.AssertionError: null
at com.Reporting.tests.BalanceSheetTest.validateCalendarDatePickerClosedOnClickedOutside(BalanceSheetTest.java:6070)
at java.base/java.util.ArrayList.forEach(ArrayList.java:1511)
... Removed 29 stack frames]]>
    </failure>
  </testcase> <!-- validateCalendarDatePickerClosedOnClickedOutside -->
  <testcase classname="com.Reporting.tests.BalanceSheetTest" name="validateCustomSearchWithoutEndDate" time="22.986"/>
  <testcase classname="com.Reporting.tests.BalanceSheetTest" name="validateCustomSearchWithoutStartDate" time="28.351"/>
  <testcase classname="com.Reporting.tests.BalanceSheetTest" name="validateLoanBalanceAmountsVisibility" time="28.986"/>
  <testcase classname="com.Reporting.tests.BalanceSheetTest" name="validateFacilitiesBalanceAmountsVisibility" time="23.837"/>
  <testcase classname="com.Reporting.tests.BalanceSheetTest" name="validateCashBalanceSectionsVisibility" time="21.024"/>
  <testcase classname="com.Reporting.tests.BalanceSheetTest" name="validateCurrentCashAmount" time="22.77">
    <failure type="java.lang.AssertionError" message="null">
      <![CDATA[java.lang.AssertionError: null
at com.Reporting.tests.BalanceSheetTest.validateCurrentCashAmount(BalanceSheetTest.java:6592)
at java.base/java.util.ArrayList.forEach(ArrayList.java:1511)
... Removed 29 stack frames]]>
    </failure>
  </testcase> <!-- validateCurrentCashAmount -->
  <testcase classname="com.Reporting.tests.BalanceSheetTest" name="validateCashBalanceTableColumnsVisibility" time="20.168"/>
  <testcase classname="com.Reporting.tests.BalanceSheetTest" name="validateCashBalanceColumn" time="21.22"/>
  <testcase classname="com.Reporting.tests.BalanceSheetTest" name="validatePaymentAndReceiptColumns" time="21.227"/>
  <testcase classname="com.Reporting.tests.BalanceSheetTest" name="validateCashBalanceForReceipt" time="136.987"/>
  <testcase classname="com.Reporting.tests.BalanceSheetTest" name="validateCashBalanceForPayments" time="90.402"/>
  <testcase classname="com.Reporting.tests.BalanceSheetTest" name="validateSortingOfCashBalanceTable" time="33.559"/>
  <testcase classname="com.Reporting.tests.BalanceSheetTest" name="validateCashBalanceValueInTopRowOfCashBalanceTable" time="20.032">
    <failure type="java.lang.AssertionError" message="null">
      <![CDATA[java.lang.AssertionError: null
at com.Reporting.tests.BalanceSheetTest.validateCashBalanceValueInTopRowOfCashBalanceTable(BalanceSheetTest.java:7243)
at java.base/java.util.ArrayList.forEach(ArrayList.java:1511)
... Removed 29 stack frames]]>
    </failure>
  </testcase> <!-- validateCashBalanceValueInTopRowOfCashBalanceTable -->
  <testcase classname="com.Reporting.tests.BalanceSheetTest" name="validateLoanAccountSectionsVisibility" time="13.931"/>
  <testcase classname="com.Reporting.tests.BalanceSheetTest" name="validateCurrentLoanBalance" time="18.74"/>
  <testcase classname="com.Reporting.tests.BalanceSheetTest" name="validateLoanAccountTabTableColumns" time="33.671"/>
  <testcase classname="com.Reporting.tests.BalanceSheetTest" name="validateDefaultSortOrderOfCashBalanceTable" time="17.907"/>
  <testcase classname="com.Reporting.tests.BalanceSheetTest" name="validateLoanBalanceAmount" time="16.776"/>
  <testcase classname="com.Reporting.tests.BalanceSheetTest" name="validateLoanBalanceValueInTopRowOfCashBalanceTable" time="23.648">
    <failure type="java.lang.AssertionError" message="null">
      <![CDATA[java.lang.AssertionError: null
at com.Reporting.tests.BalanceSheetTest.validateLoanBalanceValueInTopRowOfCashBalanceTable(BalanceSheetTest.java:7735)
at java.base/java.util.ArrayList.forEach(ArrayList.java:1511)
... Removed 29 stack frames]]>
    </failure>
  </testcase> <!-- validateLoanBalanceValueInTopRowOfCashBalanceTable -->
  <testcase classname="com.Reporting.tests.BalanceSheetTest" name="validateFundingAccountSectionsVisibility" time="12.59"/>
  <testcase classname="com.Reporting.tests.BalanceSheetTest" name="validateCurrentAllocatedAmount" time="18.87"/>
  <testcase classname="com.Reporting.tests.BalanceSheetTest" name="validateFundingAccountTabTableColumns" time="18.292"/>
  <testcase classname="com.Reporting.tests.BalanceSheetTest" name="validateReverseChronologicalOrderOfCashBalanceTable" time="32.389"/>
  <testcase classname="com.Reporting.tests.BalanceSheetTest" name="validateAllocatedAmountValueInTopRowOfCashBalanceTable" time="19.193">
    <failure type="java.lang.AssertionError" message="null">
      <![CDATA[java.lang.AssertionError: null
at com.Reporting.tests.BalanceSheetTest.validateAllocatedAmountValueInTopRowOfCashBalanceTable(BalanceSheetTest.java:8160)
at java.base/java.util.ArrayList.forEach(ArrayList.java:1511)
... Removed 29 stack frames]]>
    </failure>
  </testcase> <!-- validateAllocatedAmountValueInTopRowOfCashBalanceTable -->
</testsuite> <!-- BalanceSheet_Reporting -->
