<?xml version="1.0" encoding="UTF-8"?>
<!-- Generated by org.testng.reporters.JUnitXMLReporter -->
<testsuite ignored="0" hostname="DESKTOP-26G0JUG" failures="2" tests="16" name="BalanceSheetSample_Reporting" time="591.102" errors="0" timestamp="2024-05-22T17:42:51 IST">
  <testcase classname="com.Reporting.tests.LoanSample" name="validatePaymentAndReceiptColumns" time="52.26"/>
  <testcase classname="com.Reporting.tests.LoanSample" name="validateCashBalanceForReceipt" time="95.186"/>
  <testcase classname="com.Reporting.tests.LoanSample" name="validateCashBalanceForPayments" time="65.37"/>
  <testcase classname="com.Reporting.tests.LoanSample" name="validateSortingOfCashBalanceTable" time="14.605"/>
  <testcase classname="com.Reporting.tests.LoanSample" name="validateCashBalanceValueInTopRowOfCashBalanceTable" time="61.504">
    <failure type="java.lang.AssertionError" message="null">
      <![CDATA[java.lang.AssertionError: null
at com.Reporting.tests.LoanSample.validateCashBalanceValueInTopRowOfCashBalanceTable(LoanSample.java:509)
at java.base/java.util.ArrayList.forEach(ArrayList.java:1511)
... Removed 29 stack frames]]>
    </failure>
  </testcase> <!-- validateCashBalanceValueInTopRowOfCashBalanceTable -->
  <testcase classname="com.Reporting.tests.LoanSample" name="validateLoanAccountSectionsVisibility" time="18.271"/>
  <testcase classname="com.Reporting.tests.LoanSample" name="validateCurrentLoanBalance" time="18.553"/>
  <testcase classname="com.Reporting.tests.LoanSample" name="validateLoanAccountTabTableColumns" time="14.835"/>
  <testcase classname="com.Reporting.tests.LoanSample" name="validateDefaultSortOrderOfCashBalanceTable" time="14.284"/>
  <testcase classname="com.Reporting.tests.LoanSample" name="validateLoanBalanceAmount" time="29.584"/>
  <testcase classname="com.Reporting.tests.LoanSample" name="validateLoanBalanceValueInTopRowOfCashBalanceTable" time="48.97"/>
  <testcase classname="com.Reporting.tests.LoanSample" name="validateFundingAccountSectionsVisibility" time="18.225"/>
  <testcase classname="com.Reporting.tests.LoanSample" name="validateCurrentAllocatedAmount" time="16.578"/>
  <testcase classname="com.Reporting.tests.LoanSample" name="validateFundingAccountTabTableColumns" time="29.885"/>
  <testcase classname="com.Reporting.tests.LoanSample" name="validateReverseChronologicalOrderOfCashBalanceTable" time="31.372"/>
  <testcase classname="com.Reporting.tests.LoanSample" name="validateAllocatedAmountValueInTopRowOfCashBalanceTable" time="61.475">
    <failure type="java.lang.AssertionError" message="null">
      <![CDATA[java.lang.AssertionError: null
at com.Reporting.tests.LoanSample.validateAllocatedAmountValueInTopRowOfCashBalanceTable(LoanSample.java:1469)
at java.base/java.util.ArrayList.forEach(ArrayList.java:1511)
... Removed 29 stack frames]]>
    </failure>
  </testcase> <!-- validateAllocatedAmountValueInTopRowOfCashBalanceTable -->
</testsuite> <!-- BalanceSheetSample_Reporting -->
