<?xml version="1.0" encoding="UTF-8"?>
<!-- Generated by org.testng.reporters.JUnitXMLReporter -->
<testsuite ignored="0" hostname="DESKTOP-26G0JUG" failures="5" tests="49" name="InterestPaymentStep3Test_Funding" time="665.81" errors="0" timestamp="2024-03-05T17:26:34 IST">
  <testcase classname="com.Funding.InterestPayment.tests.InterestPaymentStep3Test" name="validateMonthonMonthComparisonStepHighlighted" time="27.425"/>
  <testcase classname="com.Funding.InterestPayment.tests.InterestPaymentStep3Test" name="validateLastPeriodNumberOfDaysInStep3" time="5.674"/>
  <testcase classname="com.Funding.InterestPayment.tests.InterestPaymentStep3Test" name="validateThisPeriodNumberOfDays" time="5.538"/>
  <testcase classname="com.Funding.InterestPayment.tests.InterestPaymentStep3Test" name="validateLastMonthDCF" time="7.628"/>
  <testcase classname="com.Funding.InterestPayment.tests.InterestPaymentStep3Test" name="validateThisMonthDCF" time="9.914"/>
  <testcase classname="com.Funding.InterestPayment.tests.InterestPaymentStep3Test" name="validateDCFAdjustmentValueInStep3" time="8.022"/>
  <testcase classname="com.Funding.InterestPayment.tests.InterestPaymentStep3Test" name="validateDifferenceToleranceValueInStep3" time="7.814"/>
  <testcase classname="com.Funding.InterestPayment.tests.InterestPaymentStep3Test" name="validateLoanAmountOfFaciltyInStep3" time="8.19"/>
  <testcase classname="com.Funding.InterestPayment.tests.InterestPaymentStep3Test" name="validateLoanAmountOfAllFacilitiesInStep3" time="25.511"/>
  <testcase classname="com.Funding.InterestPayment.tests.InterestPaymentStep3Test" name="validateLoanCarriedForwardAmountInStep3" time="8.147"/>
  <testcase classname="com.Funding.InterestPayment.tests.InterestPaymentStep3Test" name="validateCarriedForwardAmountOfAllFacilitiesInStep3" time="23.675"/>
  <testcase classname="com.Funding.InterestPayment.tests.InterestPaymentStep3Test" name="validatePriorMonthPayment" time="12.269"/>
  <testcase classname="com.Funding.InterestPayment.tests.InterestPaymentStep3Test" name="validatePlusButtonAndColumnsInDeferralTable" time="6.455"/>
  <testcase classname="com.Funding.InterestPayment.tests.InterestPaymentStep3Test" name="validateDeferralLastMonth" time="13.072"/>
  <testcase classname="com.Funding.InterestPayment.tests.InterestPaymentStep3Test" name="validateDeferralThisMonth" time="26.605">
    <failure type="java.lang.AssertionError" message="null">
      <![CDATA[java.lang.AssertionError: null
at com.Funding.InterestPayment.tests.InterestPaymentStep3Test.validateDeferralThisMonth(InterestPaymentStep3Test.java:1502)
at java.base/java.util.ArrayList.forEach(ArrayList.java:1511)
... Removed 29 stack frames]]>
    </failure>
  </testcase> <!-- validateDeferralThisMonth -->
  <testcase classname="com.Funding.InterestPayment.tests.InterestPaymentStep3Test" name="validateDifferenceInDeferralTable" time="10.937"/>
  <testcase classname="com.Funding.InterestPayment.tests.InterestPaymentStep3Test" name="validateDeferralIButton" time="6.175"/>
  <testcase classname="com.Funding.InterestPayment.tests.InterestPaymentStep3Test" name="validateDeferralPopupAndCloseButton" time="39.701"/>
  <testcase classname="com.Funding.InterestPayment.tests.InterestPaymentStep3Test" name="validateDeferralPopupData" time="22.251"/>
  <testcase classname="com.Funding.InterestPayment.tests.InterestPaymentStep3Test" name="validatePlusButtonAndColumnsInDeploymentTable" time="6.384"/>
  <testcase classname="com.Funding.InterestPayment.tests.InterestPaymentStep3Test" name="validateDeploymentLastMonth" time="13.368"/>
  <testcase classname="com.Funding.InterestPayment.tests.InterestPaymentStep3Test" name="validateDeploymentThisMonth" time="8.98"/>
  <testcase classname="com.Funding.InterestPayment.tests.InterestPaymentStep3Test" name="validateDifferenceInDeploymentTable" time="6.117"/>
  <testcase classname="com.Funding.InterestPayment.tests.InterestPaymentStep3Test" name="validateDeploymentIButton" time="6.475"/>
  <testcase classname="com.Funding.InterestPayment.tests.InterestPaymentStep3Test" name="validateDeploymentPopupAndCloseButton" time="40.867"/>
  <testcase classname="com.Funding.InterestPayment.tests.InterestPaymentStep3Test" name="validateDeploymentTableDataWithPopup" time="22.447"/>
  <testcase classname="com.Funding.InterestPayment.tests.InterestPaymentStep3Test" name="validateDeploymentCalculation" time="6.35"/>
  <testcase classname="com.Funding.InterestPayment.tests.InterestPaymentStep3Test" name="validatePlusButtonAndColumnsInRateTable" time="11.014"/>
  <testcase classname="com.Funding.InterestPayment.tests.InterestPaymentStep3Test" name="validateLastMonthInRateStep3" time="11.245">
    <failure type="java.lang.AssertionError" message="null">
      <![CDATA[java.lang.AssertionError: null
at com.Funding.InterestPayment.tests.InterestPaymentStep3Test.validateLastMonthInRateStep3(InterestPaymentStep3Test.java:2814)
at java.base/java.util.ArrayList.forEach(ArrayList.java:1511)
... Removed 29 stack frames]]>
    </failure>
  </testcase> <!-- validateLastMonthInRateStep3 -->
  <testcase classname="com.Funding.InterestPayment.tests.InterestPaymentStep3Test" name="validateThisMonthInRateStep3" time="11.468">
    <failure type="java.lang.AssertionError" message="null">
      <![CDATA[java.lang.AssertionError: null
at com.Funding.InterestPayment.tests.InterestPaymentStep3Test.validateThisMonthInRateStep3(InterestPaymentStep3Test.java:2926)
at java.base/java.util.ArrayList.forEach(ArrayList.java:1511)
... Removed 29 stack frames]]>
    </failure>
  </testcase> <!-- validateThisMonthInRateStep3 -->
  <testcase classname="com.Funding.InterestPayment.tests.InterestPaymentStep3Test" name="validateDifferenceInRateTable" time="6.27"/>
  <testcase classname="com.Funding.InterestPayment.tests.InterestPaymentStep3Test" name="validateRateIButton" time="6.19"/>
  <testcase classname="com.Funding.InterestPayment.tests.InterestPaymentStep3Test" name="validateRatePopupAndCloseButton" time="40.607"/>
  <testcase classname="com.Funding.InterestPayment.tests.InterestPaymentStep3Test" name="validateRateTableDataWithPopup" time="22.547"/>
  <testcase classname="com.Funding.InterestPayment.tests.InterestPaymentStep3Test" name="validateRateCalculation" time="6.438">
    <failure type="java.lang.AssertionError" message="null">
      <![CDATA[java.lang.AssertionError: null
at com.Funding.InterestPayment.tests.InterestPaymentStep3Test.validateRateCalculation(InterestPaymentStep3Test.java:3340)
at java.base/java.util.ArrayList.forEach(ArrayList.java:1511)
... Removed 29 stack frames]]>
    </failure>
  </testcase> <!-- validateRateCalculation -->
  <testcase classname="com.Funding.InterestPayment.tests.InterestPaymentStep3Test" name="validateDayCountIButton" time="10.225"/>
  <testcase classname="com.Funding.InterestPayment.tests.InterestPaymentStep3Test" name="validateDayCountPopupAndCloseButton" time="40.056"/>
  <testcase classname="com.Funding.InterestPayment.tests.InterestPaymentStep3Test" name="validateDayCountPopupData" time="8.279"/>
  <testcase classname="com.Funding.InterestPayment.tests.InterestPaymentStep3Test" name="validateMonthlyDeltaInDayCountPopup" time="10.864"/>
  <testcase classname="com.Funding.InterestPayment.tests.InterestPaymentStep3Test" name="validateDayCountCalculation" time="10.294">
    <failure type="java.lang.AssertionError" message="null">
      <![CDATA[java.lang.AssertionError: null
at com.Funding.InterestPayment.tests.InterestPaymentStep3Test.validateDayCountCalculation(InterestPaymentStep3Test.java:3753)
at java.base/java.util.ArrayList.forEach(ArrayList.java:1511)
... Removed 29 stack frames]]>
    </failure>
  </testcase> <!-- validateDayCountCalculation -->
  <testcase classname="com.Funding.InterestPayment.tests.InterestPaymentStep3Test" name="validateDayCountTableDataWithPopup" time="10.303"/>
  <testcase classname="com.Funding.InterestPayment.tests.InterestPaymentStep3Test" name="validateForecast" time="11.805"/>
  <testcase classname="com.Funding.InterestPayment.tests.InterestPaymentStep3Test" name="validateForecastDiff" time="6.66"/>
  <testcase classname="com.Funding.InterestPayment.tests.InterestPaymentStep3Test" name="validateForecastDiffPercentage" time="6.789"/>
  <testcase classname="com.Funding.InterestPayment.tests.InterestPaymentStep3Test" name="validateForecastTolerance" time="6.822"/>
  <testcase classname="com.Funding.InterestPayment.tests.InterestPaymentStep3Test" name="validateBackAndNextStepButtonVisibilityInStep3" time="9.981"/>
  <testcase classname="com.Funding.InterestPayment.tests.InterestPaymentStep3Test" name="validateBackAndNextStepButtonInStep3" time="15.618"/>
  <testcase classname="com.Funding.InterestPayment.tests.InterestPaymentStep3Test" name="validateBackStepButtonInStep3" time="8.036"/>
  <testcase classname="com.Funding.InterestPayment.tests.InterestPaymentStep3Test" name="validateNextStepButtonInStep3" time="8.16"/>
</testsuite> <!-- InterestPaymentStep3Test_Funding -->
