<?xml version="1.0" encoding="UTF-8"?>
<!-- Generated by org.testng.reporters.JUnitXMLReporter -->
<testsuite ignored="0" hostname="DESKTOP-26G0JUG" failures="1" tests="1" name="InterestPaymentStep4Test_Funding" time="57.535" errors="0" timestamp="2024-03-05T18:37:11 IST">
  <testcase classname="com.Funding.InterestPayment.tests.InterestPayment" name="validateStandardInterest" time="57.428">
    <failure type="java.lang.AssertionError" message="null">
      <![CDATA[java.lang.AssertionError: null
at com.Funding.InterestPayment.tests.InterestPayment.validateStandardInterest(InterestPayment.java:149)
at java.base/java.util.ArrayList.forEach(ArrayList.java:1511)
... Removed 29 stack frames]]>
    </failure>
  </testcase> <!-- validateStandardInterest -->
</testsuite> <!-- InterestPaymentStep4Test_Funding -->
