<?xml version="1.0" encoding="UTF-8"?>
<!-- Generated by org.testng.reporters.JUnitXMLReporter -->
<testsuite ignored="0" hostname="DESKTOP-26G0JUG" failures="1" tests="1" name="UpdatesRunScriptTest_Reporting" time="1986.843" errors="0" timestamp="2024-05-16T15:26:05 IST">
  <testcase classname="com.Reporting.tests.UpdatesRunScriptTest" name="validateRunScript" time="1986.84">
    <failure type="java.lang.AssertionError" message="null">
      <![CDATA[java.lang.AssertionError: null
at com.Reporting.tests.UpdatesRunScriptTest.validateRunScript(UpdatesRunScriptTest.java:98)
at java.base/java.util.ArrayList.forEach(ArrayList.java:1511)
... Removed 29 stack frames]]>
    </failure>
  </testcase> <!-- validateRunScript -->
</testsuite> <!-- UpdatesRunScriptTest_Reporting -->
